{"numFailedTestSuites":14,"numFailedTests":136,"numPassedTestSuites":1,"numPassedTests":29,"numPendingTestSuites":0,"numPendingTests":0,"numRuntimeErrorTestSuites":7,"numTodoTests":0,"numTotalTestSuites":15,"numTotalTests":165,"openHandles":[],"snapshot":{"added":0,"didUpdate":false,"failure":false,"filesAdded":0,"filesRemoved":0,"filesRemovedList":[],"filesUnmatched":0,"filesUpdated":0,"matched":0,"total":0,"unchecked":0,"uncheckedKeysByFile":[],"unmatched":0,"updated":0},"startTime":1754669839865,"success":false,"testResults":[{"assertionResults":[{"ancestorTitles":["AlignME Redis Cache System","Cache Manager"],"duration":18,"failureDetails":[{"matcherResult":{"actual":"unhealthy","expected":"healthy","message":"\u001b[2mexpect(\u001b[22m\u001b[31mreceived\u001b[39m\u001b[2m).\u001b[22mtoBe\u001b[2m(\u001b[22m\u001b[32mexpected\u001b[39m\u001b[2m) // Object.is equality\u001b[22m\n\nExpected: \u001b[32m\"healthy\"\u001b[39m\nReceived: \u001b[31m\"\u001b[7mun\u001b[27mhealthy\"\u001b[39m","name":"toBe","pass":false}}],"failureMessages":["Error: \u001b[2mexpect(\u001b[22m\u001b[31mreceived\u001b[39m\u001b[2m).\u001b[22mtoBe\u001b[2m(\u001b[22m\u001b[32mexpected\u001b[39m\u001b[2m) // Object.is equality\u001b[22m\n\nExpected: \u001b[32m\"healthy\"\u001b[39m\nReceived: \u001b[31m\"\u001b[7mun\u001b[27mhealthy\"\u001b[39m\n    at Object.<anonymous> (C:\\Users\\Pc\\Desktop\\Ugurcan\\AlingME\\src\\tests\\cache-system.test.js:101:29)"],"fullName":"AlignME Redis Cache System Cache Manager should connect to Redis successfully","invocations":1,"location":{"column":9,"line":99},"numPassingAsserts":0,"retryReasons":[],"status":"failed","title":"should connect to Redis successfully"},{"ancestorTitles":["AlignME Redis Cache System","Cache Manager"],"duration":3,"failureDetails":[{"matcherResult":{"actual":false,"expected":true,"message":"\u001b[2mexpect(\u001b[22m\u001b[31mreceived\u001b[39m\u001b[2m).\u001b[22mtoBe\u001b[2m(\u001b[22m\u001b[32mexpected\u001b[39m\u001b[2m) // Object.is equality\u001b[22m\n\nExpected: \u001b[32mtrue\u001b[39m\nReceived: \u001b[31mfalse\u001b[39m","name":"toBe","pass":false}}],"failureMessages":["Error: \u001b[2mexpect(\u001b[22m\u001b[31mreceived\u001b[39m\u001b[2m).\u001b[22mtoBe\u001b[2m(\u001b[22m\u001b[32mexpected\u001b[39m\u001b[2m) // Object.is equality\u001b[22m\n\nExpected: \u001b[32mtrue\u001b[39m\nReceived: \u001b[31mfalse\u001b[39m\n    at Object.<anonymous> (C:\\Users\\Pc\\Desktop\\Ugurcan\\AlingME\\src\\tests\\cache-system.test.js:109:25)"],"fullName":"AlignME Redis Cache System Cache Manager should set and get cache data","invocations":1,"location":{"column":9,"line":104},"numPassingAsserts":0,"retryReasons":[],"status":"failed","title":"should set and get cache data"},{"ancestorTitles":["AlignME Redis Cache System","Cache Manager"],"duration":3,"failureDetails":[],"failureMessages":[],"fullName":"AlignME Redis Cache System Cache Manager should handle cache misses","invocations":1,"location":{"column":9,"line":115},"numPassingAsserts":1,"retryReasons":[],"status":"passed","title":"should handle cache misses"},{"ancestorTitles":["AlignME Redis Cache System","Cache Manager"],"duration":7,"failureDetails":[{"matcherResult":{"actual":null,"expected":{"test":"data"},"message":"\u001b[2mexpect(\u001b[22m\u001b[31mreceived\u001b[39m\u001b[2m).\u001b[22mtoEqual\u001b[2m(\u001b[22m\u001b[32mexpected\u001b[39m\u001b[2m) // deep equality\u001b[22m\n\nExpected: \u001b[32m{\"test\": \"data\"}\u001b[39m\nReceived: \u001b[31mnull\u001b[39m","name":"toEqual","pass":false}}],"failureMessages":["Error: \u001b[2mexpect(\u001b[22m\u001b[31mreceived\u001b[39m\u001b[2m).\u001b[22mtoEqual\u001b[2m(\u001b[22m\u001b[32mexpected\u001b[39m\u001b[2m) // deep equality\u001b[22m\n\nExpected: \u001b[32m{\"test\": \"data\"}\u001b[39m\nReceived: \u001b[31mnull\u001b[39m\n    at Object.<anonymous> (C:\\Users\\Pc\\Desktop\\Ugurcan\\AlingME\\src\\tests\\cache-system.test.js:126:28)"],"fullName":"AlignME Redis Cache System Cache Manager should delete cache entries","invocations":1,"location":{"column":9,"line":120},"numPassingAsserts":0,"retryReasons":[],"status":"failed","title":"should delete cache entries"},{"ancestorTitles":["AlignME Redis Cache System","Cache Manager"],"duration":5,"failureDetails":[],"failureMessages":[],"fullName":"AlignME Redis Cache System Cache Manager should generate proper cache keys","invocations":1,"location":{"column":9,"line":135},"numPassingAsserts":1,"retryReasons":[],"status":"passed","title":"should generate proper cache keys"},{"ancestorTitles":["AlignME Redis Cache System","Cache Manager"],"duration":6,"failureDetails":[{"matcherResult":{"message":"\u001b[2mexpect(\u001b[22m\u001b[31mreceived\u001b[39m\u001b[2m).\u001b[22mtoBeGreaterThan\u001b[2m(\u001b[22m\u001b[32mexpected\u001b[39m\u001b[2m)\u001b[22m\n\nExpected: > \u001b[32m0\u001b[39m\nReceived:   \u001b[31m0\u001b[39m","pass":false}}],"failureMessages":["Error: \u001b[2mexpect(\u001b[22m\u001b[31mreceived\u001b[39m\u001b[2m).\u001b[22mtoBeGreaterThan\u001b[2m(\u001b[22m\u001b[32mexpected\u001b[39m\u001b[2m)\u001b[22m\n\nExpected: > \u001b[32m0\u001b[39m\nReceived:   \u001b[31m0\u001b[39m\n    at Object.<anonymous> (C:\\Users\\Pc\\Desktop\\Ugurcan\\AlingME\\src\\tests\\cache-system.test.js:158:34)"],"fullName":"AlignME Redis Cache System Cache Manager should provide cache statistics","invocations":1,"location":{"column":9,"line":145},"numPassingAsserts":0,"retryReasons":[],"status":"failed","title":"should provide cache statistics"},{"ancestorTitles":["AlignME Redis Cache System","Cache Middleware"],"duration":83,"failureDetails":[{"matcherResult":{"actual":"MISS","expected":"HIT","message":"\u001b[2mexpect(\u001b[22m\u001b[31mreceived\u001b[39m\u001b[2m).\u001b[22mtoBe\u001b[2m(\u001b[22m\u001b[32mexpected\u001b[39m\u001b[2m) // Object.is equality\u001b[22m\n\nExpected: \u001b[32m\"HIT\"\u001b[39m\nReceived: \u001b[31m\"MISS\"\u001b[39m","name":"toBe","pass":false}}],"failureMessages":["Error: \u001b[2mexpect(\u001b[22m\u001b[31mreceived\u001b[39m\u001b[2m).\u001b[22mtoBe\u001b[2m(\u001b[22m\u001b[32mexpected\u001b[39m\u001b[2m) // Object.is equality\u001b[22m\n\nExpected: \u001b[32m\"HIT\"\u001b[39m\nReceived: \u001b[31m\"MISS\"\u001b[39m\n    at Object.<anonymous> (C:\\Users\\Pc\\Desktop\\Ugurcan\\AlingME\\src\\tests\\cache-system.test.js:195:44)\n    at processTicksAndRejections (node:internal/process/task_queues:105:5)"],"fullName":"AlignME Redis Cache System Cache Middleware should cache GET responses","invocations":1,"location":{"column":9,"line":164},"numPassingAsserts":2,"retryReasons":[],"status":"failed","title":"should cache GET responses"},{"ancestorTitles":["AlignME Redis Cache System","Cache Middleware"],"duration":46,"failureDetails":[],"failureMessages":[],"fullName":"AlignME Redis Cache System Cache Middleware should skip caching for non-GET requests","invocations":1,"location":{"column":9,"line":200},"numPassingAsserts":1,"retryReasons":[],"status":"passed","title":"should skip caching for non-GET requests"},{"ancestorTitles":["AlignME Redis Cache System","Cache Middleware"],"duration":22,"failureDetails":[{"matcherResult":{"actual":"MISS","expected":"HIT","message":"\u001b[2mexpect(\u001b[22m\u001b[31mreceived\u001b[39m\u001b[2m).\u001b[22mtoBe\u001b[2m(\u001b[22m\u001b[32mexpected\u001b[39m\u001b[2m) // Object.is equality\u001b[22m\n\nExpected: \u001b[32m\"HIT\"\u001b[39m\nReceived: \u001b[31m\"MISS\"\u001b[39m","name":"toBe","pass":false}}],"failureMessages":["Error: \u001b[2mexpect(\u001b[22m\u001b[31mreceived\u001b[39m\u001b[2m).\u001b[22mtoBe\u001b[2m(\u001b[22m\u001b[32mexpected\u001b[39m\u001b[2m) // Object.is equality\u001b[22m\n\nExpected: \u001b[32m\"HIT\"\u001b[39m\nReceived: \u001b[31m\"MISS\"\u001b[39m\n    at Object.<anonymous> (C:\\Users\\Pc\\Desktop\\Ugurcan\\AlingME\\src\\tests\\cache-system.test.js:256:44)\n    at processTicksAndRejections (node:internal/process/task_queues:105:5)"],"fullName":"AlignME Redis Cache System Cache Middleware should use predefined cache presets","invocations":1,"location":{"column":9,"line":229},"numPassingAsserts":1,"retryReasons":[],"status":"failed","title":"should use predefined cache presets"},{"ancestorTitles":["AlignME Redis Cache System","Cache Middleware"],"duration":20,"failureDetails":[{"matcherResult":{"actual":"default-user","expected":"user1","message":"\u001b[2mexpect(\u001b[22m\u001b[31mreceived\u001b[39m\u001b[2m).\u001b[22mtoBe\u001b[2m(\u001b[22m\u001b[32mexpected\u001b[39m\u001b[2m) // Object.is equality\u001b[22m\n\nExpected: \u001b[32m\"user\u001b[7m1\u001b[27m\"\u001b[39m\nReceived: \u001b[31m\"\u001b[7mdefault-\u001b[27muser\"\u001b[39m","name":"toBe","pass":false}}],"failureMessages":["Error: \u001b[2mexpect(\u001b[22m\u001b[31mreceived\u001b[39m\u001b[2m).\u001b[22mtoBe\u001b[2m(\u001b[22m\u001b[32mexpected\u001b[39m\u001b[2m) // Object.is equality\u001b[22m\n\nExpected: \u001b[32m\"user\u001b[7m1\u001b[27m\"\u001b[39m\nReceived: \u001b[31m\"\u001b[7mdefault-\u001b[27muser\"\u001b[39m\n    at Object.<anonymous> (C:\\Users\\Pc\\Desktop\\Ugurcan\\AlingME\\src\\tests\\cache-system.test.js:285:37)\n    at processTicksAndRejections (node:internal/process/task_queues:105:5)"],"fullName":"AlignME Redis Cache System Cache Middleware should include user context in cache keys","invocations":1,"location":{"column":9,"line":260},"numPassingAsserts":2,"retryReasons":[],"status":"failed","title":"should include user context in cache keys"},{"ancestorTitles":["AlignME Redis Cache System","Cache Invalidation"],"duration":2,"failureDetails":[{"matcherResult":{"message":"\u001b[2mexpect(\u001b[22m\u001b[31mreceived\u001b[39m\u001b[2m).\u001b[22mtoBeTruthy\u001b[2m()\u001b[22m\n\nReceived: \u001b[31mnull\u001b[39m","pass":false}}],"failureMessages":["Error: \u001b[2mexpect(\u001b[22m\u001b[31mreceived\u001b[39m\u001b[2m).\u001b[22mtoBeTruthy\u001b[2m()\u001b[22m\n\nReceived: \u001b[31mnull\u001b[39m\n    at Object.<anonymous> (C:\\Users\\Pc\\Desktop\\Ugurcan\\AlingME\\src\\tests\\cache-system.test.js:302:25)\n    at processTicksAndRejections (node:internal/process/task_queues:105:5)"],"fullName":"AlignME Redis Cache System Cache Invalidation should invalidate cache by pattern","invocations":1,"location":{"column":9,"line":291},"numPassingAsserts":0,"retryReasons":[],"status":"failed","title":"should invalidate cache by pattern"},{"ancestorTitles":["AlignME Redis Cache System","Cache Invalidation"],"duration":6,"failureDetails":[{"matcherResult":{"message":"\u001b[2mexpect(\u001b[22m\u001b[31mreceived\u001b[39m\u001b[2m).\u001b[22mtoBeGreaterThan\u001b[2m(\u001b[22m\u001b[32mexpected\u001b[39m\u001b[2m)\u001b[22m\n\nExpected: > \u001b[32m0\u001b[39m\nReceived:   \u001b[31m0\u001b[39m","pass":false}}],"failureMessages":["Error: \u001b[2mexpect(\u001b[22m\u001b[31mreceived\u001b[39m\u001b[2m).\u001b[22mtoBeGreaterThan\u001b[2m(\u001b[22m\u001b[32mexpected\u001b[39m\u001b[2m)\u001b[22m\n\nExpected: > \u001b[32m0\u001b[39m\nReceived:   \u001b[31m0\u001b[39m\n    at Object.<anonymous> (C:\\Users\\Pc\\Desktop\\Ugurcan\\AlingME\\src\\tests\\cache-system.test.js:330:35)\n    at processTicksAndRejections (node:internal/process/task_queues:105:5)"],"fullName":"AlignME Redis Cache System Cache Invalidation should invalidate cache using event-based strategy","invocations":1,"location":{"column":9,"line":320},"numPassingAsserts":1,"retryReasons":[],"status":"failed","title":"should invalidate cache using event-based strategy"},{"ancestorTitles":["AlignME Redis Cache System","Cache Invalidation"],"duration":2,"failureDetails":[{}],"failureMessages":["Error: Route.put() requires a callback function but got a [object Promise]\n    at Route.<computed> [as put] (C:\\Users\\Pc\\Desktop\\Ugurcan\\AlingME\\node_modules\\express\\lib\\router\\route.js:216:15)\n    at Function.app.<computed> [as put] (C:\\Users\\Pc\\Desktop\\Ugurcan\\AlingME\\node_modules\\express\\lib\\application.js:499:19)\n    at Object.<anonymous> (C:\\Users\\Pc\\Desktop\\Ugurcan\\AlingME\\src\\tests\\cache-system.test.js:342:11)\n    at Promise.then.completed (C:\\Users\\Pc\\Desktop\\Ugurcan\\AlingME\\node_modules\\jest-circus\\build\\utils.js:298:28)\n    at new Promise (<anonymous>)\n    at callAsyncCircusFn (C:\\Users\\Pc\\Desktop\\Ugurcan\\AlingME\\node_modules\\jest-circus\\build\\utils.js:231:10)\n    at _callCircusTest (C:\\Users\\Pc\\Desktop\\Ugurcan\\AlingME\\node_modules\\jest-circus\\build\\run.js:316:40)\n    at processTicksAndRejections (node:internal/process/task_queues:105:5)\n    at _runTest (C:\\Users\\Pc\\Desktop\\Ugurcan\\AlingME\\node_modules\\jest-circus\\build\\run.js:252:3)\n    at _runTestsForDescribeBlock (C:\\Users\\Pc\\Desktop\\Ugurcan\\AlingME\\node_modules\\jest-circus\\build\\run.js:126:9)\n    at _runTestsForDescribeBlock (C:\\Users\\Pc\\Desktop\\Ugurcan\\AlingME\\node_modules\\jest-circus\\build\\run.js:121:9)\n    at _runTestsForDescribeBlock (C:\\Users\\Pc\\Desktop\\Ugurcan\\AlingME\\node_modules\\jest-circus\\build\\run.js:121:9)\n    at run (C:\\Users\\Pc\\Desktop\\Ugurcan\\AlingME\\node_modules\\jest-circus\\build\\run.js:71:3)\n    at runAndTransformResultsToJestFormat (C:\\Users\\Pc\\Desktop\\Ugurcan\\AlingME\\node_modules\\jest-circus\\build\\legacy-code-todo-rewrite\\jestAdapterInit.js:122:21)\n    at jestAdapter (C:\\Users\\Pc\\Desktop\\Ugurcan\\AlingME\\node_modules\\jest-circus\\build\\legacy-code-todo-rewrite\\jestAdapter.js:79:19)\n    at runTestInternal (C:\\Users\\Pc\\Desktop\\Ugurcan\\AlingME\\node_modules\\jest-runner\\build\\runTest.js:367:16)\n    at runTest (C:\\Users\\Pc\\Desktop\\Ugurcan\\AlingME\\node_modules\\jest-runner\\build\\runTest.js:444:34)"],"fullName":"AlignME Redis Cache System Cache Invalidation should handle invalidation middleware","invocations":1,"location":{"column":9,"line":340},"numPassingAsserts":0,"retryReasons":[],"status":"failed","title":"should handle invalidation middleware"},{"ancestorTitles":["AlignME Redis Cache System","Cache Invalidation"],"duration":4,"failureDetails":[],"failureMessages":[],"fullName":"AlignME Redis Cache System Cache Invalidation should handle bulk invalidation","invocations":1,"location":{"column":9,"line":365},"numPassingAsserts":3,"retryReasons":[],"status":"passed","title":"should handle bulk invalidation"},{"ancestorTitles":["AlignME Redis Cache System","Cache Integration Examples"],"duration":22,"failureDetails":[{"matcherResult":{"actual":"MISS","expected":"HIT","message":"\u001b[2mexpect(\u001b[22m\u001b[31mreceived\u001b[39m\u001b[2m).\u001b[22mtoBe\u001b[2m(\u001b[22m\u001b[32mexpected\u001b[39m\u001b[2m) // Object.is equality\u001b[22m\n\nExpected: \u001b[32m\"HIT\"\u001b[39m\nReceived: \u001b[31m\"MISS\"\u001b[39m","name":"toBe","pass":false}}],"failureMessages":["Error: \u001b[2mexpect(\u001b[22m\u001b[31mreceived\u001b[39m\u001b[2m).\u001b[22mtoBe\u001b[2m(\u001b[22m\u001b[32mexpected\u001b[39m\u001b[2m) // Object.is equality\u001b[22m\n\nExpected: \u001b[32m\"HIT\"\u001b[39m\nReceived: \u001b[31m\"MISS\"\u001b[39m\n    at Object.<anonymous> (C:\\Users\\Pc\\Desktop\\Ugurcan\\AlingME\\src\\tests\\cache-system.test.js:414:44)\n    at processTicksAndRejections (node:internal/process/task_queues:105:5)"],"fullName":"AlignME Redis Cache System Cache Integration Examples should cache user portfolio with proper TTL","invocations":1,"location":{"column":9,"line":384},"numPassingAsserts":2,"retryReasons":[],"status":"failed","title":"should cache user portfolio with proper TTL"},{"ancestorTitles":["AlignME Redis Cache System","Cache Integration Examples"],"duration":19,"failureDetails":[{"matcherResult":{"actual":"MISS","expected":"HIT","message":"\u001b[2mexpect(\u001b[22m\u001b[31mreceived\u001b[39m\u001b[2m).\u001b[22mtoBe\u001b[2m(\u001b[22m\u001b[32mexpected\u001b[39m\u001b[2m) // Object.is equality\u001b[22m\n\nExpected: \u001b[32m\"HIT\"\u001b[39m\nReceived: \u001b[31m\"MISS\"\u001b[39m","name":"toBe","pass":false}}],"failureMessages":["Error: \u001b[2mexpect(\u001b[22m\u001b[31mreceived\u001b[39m\u001b[2m).\u001b[22mtoBe\u001b[2m(\u001b[22m\u001b[32mexpected\u001b[39m\u001b[2m) // Object.is equality\u001b[22m\n\nExpected: \u001b[32m\"HIT\"\u001b[39m\nReceived: \u001b[31m\"MISS\"\u001b[39m\n    at Object.<anonymous> (C:\\Users\\Pc\\Desktop\\Ugurcan\\AlingME\\src\\tests\\cache-system.test.js:447:44)\n    at processTicksAndRejections (node:internal/process/task_queues:105:5)"],"fullName":"AlignME Redis Cache System Cache Integration Examples should cache project listings with query parameters","invocations":1,"location":{"column":9,"line":419},"numPassingAsserts":2,"retryReasons":[],"status":"failed","title":"should cache project listings with query parameters"},{"ancestorTitles":["AlignME Redis Cache System","Cache Integration Examples"],"duration":18,"failureDetails":[{"matcherResult":{"actual":"MISS","expected":"HIT","message":"\u001b[2mexpect(\u001b[22m\u001b[31mreceived\u001b[39m\u001b[2m).\u001b[22mtoBe\u001b[2m(\u001b[22m\u001b[32mexpected\u001b[39m\u001b[2m) // Object.is equality\u001b[22m\n\nExpected: \u001b[32m\"HIT\"\u001b[39m\nReceived: \u001b[31m\"MISS\"\u001b[39m","name":"toBe","pass":false}}],"failureMessages":["Error: \u001b[2mexpect(\u001b[22m\u001b[31mreceived\u001b[39m\u001b[2m).\u001b[22mtoBe\u001b[2m(\u001b[22m\u001b[32mexpected\u001b[39m\u001b[2m) // Object.is equality\u001b[22m\n\nExpected: \u001b[32m\"HIT\"\u001b[39m\nReceived: \u001b[31m\"MISS\"\u001b[39m\n    at Object.<anonymous> (C:\\Users\\Pc\\Desktop\\Ugurcan\\AlingME\\src\\tests\\cache-system.test.js:489:44)\n    at processTicksAndRejections (node:internal/process/task_queues:105:5)"],"fullName":"AlignME Redis Cache System Cache Integration Examples should cache search results properly","invocations":1,"location":{"column":9,"line":459},"numPassingAsserts":2,"retryReasons":[],"status":"failed","title":"should cache search results properly"},{"ancestorTitles":["AlignME Redis Cache System","Cache Administration"],"duration":149,"failureDetails":[],"failureMessages":[],"fullName":"AlignME Redis Cache System Cache Administration should provide cache statistics endpoint","invocations":1,"location":{"column":9,"line":506},"numPassingAsserts":4,"retryReasons":[],"status":"passed","title":"should provide cache statistics endpoint"},{"ancestorTitles":["AlignME Redis Cache System","Cache Administration"],"duration":11,"failureDetails":[{}],"failureMessages":["Error: expected 200 \"OK\", got 503 \"Service Unavailable\"\n    at Object.<anonymous> (C:\\Users\\Pc\\Desktop\\Ugurcan\\AlingME\\src\\tests\\cache-system.test.js:520:10)\n    at Promise.then.completed (C:\\Users\\Pc\\Desktop\\Ugurcan\\AlingME\\node_modules\\jest-circus\\build\\utils.js:298:28)\n    at new Promise (<anonymous>)\n    at callAsyncCircusFn (C:\\Users\\Pc\\Desktop\\Ugurcan\\AlingME\\node_modules\\jest-circus\\build\\utils.js:231:10)\n    at _callCircusTest (C:\\Users\\Pc\\Desktop\\Ugurcan\\AlingME\\node_modules\\jest-circus\\build\\run.js:316:40)\n    at processTicksAndRejections (node:internal/process/task_queues:105:5)\n    at _runTest (C:\\Users\\Pc\\Desktop\\Ugurcan\\AlingME\\node_modules\\jest-circus\\build\\run.js:252:3)\n    at _runTestsForDescribeBlock (C:\\Users\\Pc\\Desktop\\Ugurcan\\AlingME\\node_modules\\jest-circus\\build\\run.js:126:9)\n    at _runTestsForDescribeBlock (C:\\Users\\Pc\\Desktop\\Ugurcan\\AlingME\\node_modules\\jest-circus\\build\\run.js:121:9)\n    at _runTestsForDescribeBlock (C:\\Users\\Pc\\Desktop\\Ugurcan\\AlingME\\node_modules\\jest-circus\\build\\run.js:121:9)\n    at run (C:\\Users\\Pc\\Desktop\\Ugurcan\\AlingME\\node_modules\\jest-circus\\build\\run.js:71:3)\n    at runAndTransformResultsToJestFormat (C:\\Users\\Pc\\Desktop\\Ugurcan\\AlingME\\node_modules\\jest-circus\\build\\legacy-code-todo-rewrite\\jestAdapterInit.js:122:21)\n    at jestAdapter (C:\\Users\\Pc\\Desktop\\Ugurcan\\AlingME\\node_modules\\jest-circus\\build\\legacy-code-todo-rewrite\\jestAdapter.js:79:19)\n    at runTestInternal (C:\\Users\\Pc\\Desktop\\Ugurcan\\AlingME\\node_modules\\jest-runner\\build\\runTest.js:367:16)\n    at runTest (C:\\Users\\Pc\\Desktop\\Ugurcan\\AlingME\\node_modules\\jest-runner\\build\\runTest.js:444:34)\n----\n    at Test._assertStatus (C:\\Users\\Pc\\Desktop\\Ugurcan\\AlingME\\node_modules\\supertest\\lib\\test.js:309:14)\n    at C:\\Users\\Pc\\Desktop\\Ugurcan\\AlingME\\node_modules\\supertest\\lib\\test.js:365:13\n    at Test._assertFunction (C:\\Users\\Pc\\Desktop\\Ugurcan\\AlingME\\node_modules\\supertest\\lib\\test.js:342:13)\n    at Test.assert (C:\\Users\\Pc\\Desktop\\Ugurcan\\AlingME\\node_modules\\supertest\\lib\\test.js:195:23)\n    at localAssert (C:\\Users\\Pc\\Desktop\\Ugurcan\\AlingME\\node_modules\\supertest\\lib\\test.js:138:14)\n    at Server.<anonymous> (C:\\Users\\Pc\\Desktop\\Ugurcan\\AlingME\\node_modules\\supertest\\lib\\test.js:152:11)\n    at Object.onceWrapper (node:events:632:28)\n    at Server.emit (node:events:518:28)\n    at emitCloseNT (node:net:2419:8)\n    at processTicksAndRejections (node:internal/process/task_queues:89:21)"],"fullName":"AlignME Redis Cache System Cache Administration should provide health check endpoint","invocations":1,"location":{"column":9,"line":517},"numPassingAsserts":0,"retryReasons":[],"status":"failed","title":"should provide health check endpoint"},{"ancestorTitles":["AlignME Redis Cache System","Cache Administration"],"duration":13,"failureDetails":[{}],"failureMessages":["Error: expected 200 \"OK\", got 500 \"Internal Server Error\"\n    at Object.<anonymous> (C:\\Users\\Pc\\Desktop\\Ugurcan\\AlingME\\src\\tests\\cache-system.test.js:535:10)\n    at Promise.then.completed (C:\\Users\\Pc\\Desktop\\Ugurcan\\AlingME\\node_modules\\jest-circus\\build\\utils.js:298:28)\n    at new Promise (<anonymous>)\n    at callAsyncCircusFn (C:\\Users\\Pc\\Desktop\\Ugurcan\\AlingME\\node_modules\\jest-circus\\build\\utils.js:231:10)\n    at _callCircusTest (C:\\Users\\Pc\\Desktop\\Ugurcan\\AlingME\\node_modules\\jest-circus\\build\\run.js:316:40)\n    at processTicksAndRejections (node:internal/process/task_queues:105:5)\n    at _runTest (C:\\Users\\Pc\\Desktop\\Ugurcan\\AlingME\\node_modules\\jest-circus\\build\\run.js:252:3)\n    at _runTestsForDescribeBlock (C:\\Users\\Pc\\Desktop\\Ugurcan\\AlingME\\node_modules\\jest-circus\\build\\run.js:126:9)\n    at _runTestsForDescribeBlock (C:\\Users\\Pc\\Desktop\\Ugurcan\\AlingME\\node_modules\\jest-circus\\build\\run.js:121:9)\n    at _runTestsForDescribeBlock (C:\\Users\\Pc\\Desktop\\Ugurcan\\AlingME\\node_modules\\jest-circus\\build\\run.js:121:9)\n    at run (C:\\Users\\Pc\\Desktop\\Ugurcan\\AlingME\\node_modules\\jest-circus\\build\\run.js:71:3)\n    at runAndTransformResultsToJestFormat (C:\\Users\\Pc\\Desktop\\Ugurcan\\AlingME\\node_modules\\jest-circus\\build\\legacy-code-todo-rewrite\\jestAdapterInit.js:122:21)\n    at jestAdapter (C:\\Users\\Pc\\Desktop\\Ugurcan\\AlingME\\node_modules\\jest-circus\\build\\legacy-code-todo-rewrite\\jestAdapter.js:79:19)\n    at runTestInternal (C:\\Users\\Pc\\Desktop\\Ugurcan\\AlingME\\node_modules\\jest-runner\\build\\runTest.js:367:16)\n    at runTest (C:\\Users\\Pc\\Desktop\\Ugurcan\\AlingME\\node_modules\\jest-runner\\build\\runTest.js:444:34)\n----\n    at Test._assertStatus (C:\\Users\\Pc\\Desktop\\Ugurcan\\AlingME\\node_modules\\supertest\\lib\\test.js:309:14)\n    at C:\\Users\\Pc\\Desktop\\Ugurcan\\AlingME\\node_modules\\supertest\\lib\\test.js:365:13\n    at Test._assertFunction (C:\\Users\\Pc\\Desktop\\Ugurcan\\AlingME\\node_modules\\supertest\\lib\\test.js:342:13)\n    at Test.assert (C:\\Users\\Pc\\Desktop\\Ugurcan\\AlingME\\node_modules\\supertest\\lib\\test.js:195:23)\n    at localAssert (C:\\Users\\Pc\\Desktop\\Ugurcan\\AlingME\\node_modules\\supertest\\lib\\test.js:138:14)\n    at Server.<anonymous> (C:\\Users\\Pc\\Desktop\\Ugurcan\\AlingME\\node_modules\\supertest\\lib\\test.js:152:11)\n    at Object.onceWrapper (node:events:632:28)\n    at Server.emit (node:events:518:28)\n    at emitCloseNT (node:net:2419:8)\n    at processTicksAndRejections (node:internal/process/task_queues:89:21)"],"fullName":"AlignME Redis Cache System Cache Administration should allow manual cache operations","invocations":1,"location":{"column":9,"line":526},"numPassingAsserts":0,"retryReasons":[],"status":"failed","title":"should allow manual cache operations"},{"ancestorTitles":["AlignME Redis Cache System","Cache Administration"],"duration":10,"failureDetails":[{"matcherResult":{"actual":0,"expected":2,"message":"\u001b[2mexpect(\u001b[22m\u001b[31mreceived\u001b[39m\u001b[2m).\u001b[22mtoBe\u001b[2m(\u001b[22m\u001b[32mexpected\u001b[39m\u001b[2m) // Object.is equality\u001b[22m\n\nExpected: \u001b[32m2\u001b[39m\nReceived: \u001b[31m0\u001b[39m","name":"toBe","pass":false}}],"failureMessages":["Error: \u001b[2mexpect(\u001b[22m\u001b[31mreceived\u001b[39m\u001b[2m).\u001b[22mtoBe\u001b[2m(\u001b[22m\u001b[32mexpected\u001b[39m\u001b[2m) // Object.is equality\u001b[22m\n\nExpected: \u001b[32m2\u001b[39m\nReceived: \u001b[31m0\u001b[39m\n    at Object.<anonymous> (C:\\Users\\Pc\\Desktop\\Ugurcan\\AlingME\\src\\tests\\cache-system.test.js:567:41)\n    at processTicksAndRejections (node:internal/process/task_queues:105:5)"],"fullName":"AlignME Redis Cache System Cache Administration should handle pattern-based invalidation","invocations":1,"location":{"column":9,"line":556},"numPassingAsserts":1,"retryReasons":[],"status":"failed","title":"should handle pattern-based invalidation"},{"ancestorTitles":["AlignME Redis Cache System","Error Handling"],"duration":12,"failureDetails":[],"failureMessages":[],"fullName":"AlignME Redis Cache System Error Handling should handle Redis connection failures gracefully","invocations":1,"location":{"column":9,"line":572},"numPassingAsserts":1,"retryReasons":[],"status":"passed","title":"should handle Redis connection failures gracefully"},{"ancestorTitles":["AlignME Redis Cache System","Error Handling"],"duration":1,"failureDetails":[],"failureMessages":[],"fullName":"AlignME Redis Cache System Error Handling should handle invalid cache data gracefully","invocations":1,"location":{"column":9,"line":592},"numPassingAsserts":1,"retryReasons":[],"status":"passed","title":"should handle invalid cache data gracefully"},{"ancestorTitles":["AlignME Redis Cache System","Error Handling"],"duration":21,"failureDetails":[],"failureMessages":[],"fullName":"AlignME Redis Cache System Error Handling should handle cache middleware errors without breaking requests","invocations":1,"location":{"column":9,"line":600},"numPassingAsserts":1,"retryReasons":[],"status":"passed","title":"should handle cache middleware errors without breaking requests"},{"ancestorTitles":["AlignME Redis Cache System","Performance"],"duration":229,"failureDetails":[{"matcherResult":{"actual":"MISS","expected":"HIT","message":"\u001b[2mexpect(\u001b[22m\u001b[31mreceived\u001b[39m\u001b[2m).\u001b[22mtoBe\u001b[2m(\u001b[22m\u001b[32mexpected\u001b[39m\u001b[2m) // Object.is equality\u001b[22m\n\nExpected: \u001b[32m\"HIT\"\u001b[39m\nReceived: \u001b[31m\"MISS\"\u001b[39m","name":"toBe","pass":false}}],"failureMessages":["Error: \u001b[2mexpect(\u001b[22m\u001b[31mreceived\u001b[39m\u001b[2m).\u001b[22mtoBe\u001b[2m(\u001b[22m\u001b[32mexpected\u001b[39m\u001b[2m) // Object.is equality\u001b[22m\n\nExpected: \u001b[32m\"HIT\"\u001b[39m\nReceived: \u001b[31m\"MISS\"\u001b[39m\n    at Object.<anonymous> (C:\\Users\\Pc\\Desktop\\Ugurcan\\AlingME\\src\\tests\\cache-system.test.js:654:44)\n    at processTicksAndRejections (node:internal/process/task_queues:105:5)"],"fullName":"AlignME Redis Cache System Performance should improve response times with caching","invocations":1,"location":{"column":9,"line":623},"numPassingAsserts":0,"retryReasons":[],"status":"failed","title":"should improve response times with caching"},{"ancestorTitles":["AlignME Redis Cache System","Performance"],"duration":41,"failureDetails":[{"matcherResult":{"message":"\u001b[2mexpect(\u001b[22m\u001b[31mreceived\u001b[39m\u001b[2m).\u001b[22mtoBeLessThanOrEqual\u001b[2m(\u001b[22m\u001b[32mexpected\u001b[39m\u001b[2m)\u001b[22m\n\nExpected: <= \u001b[32m2\u001b[39m\nReceived:    \u001b[31m5\u001b[39m","pass":false}}],"failureMessages":["Error: \u001b[2mexpect(\u001b[22m\u001b[31mreceived\u001b[39m\u001b[2m).\u001b[22mtoBeLessThanOrEqual\u001b[2m(\u001b[22m\u001b[32mexpected\u001b[39m\u001b[2m)\u001b[22m\n\nExpected: <= \u001b[32m2\u001b[39m\nReceived:    \u001b[31m5\u001b[39m\n    at Object.<anonymous> (C:\\Users\\Pc\\Desktop\\Ugurcan\\AlingME\\src\\tests\\cache-system.test.js:688:27)\n    at processTicksAndRejections (node:internal/process/task_queues:105:5)"],"fullName":"AlignME Redis Cache System Performance should handle concurrent requests efficiently","invocations":1,"location":{"column":9,"line":659},"numPassingAsserts":5,"retryReasons":[],"status":"failed","title":"should handle concurrent requests efficiently"},{"ancestorTitles":["Cache Presets Configuration"],"duration":12,"failureDetails":[],"failureMessages":[],"fullName":"Cache Presets Configuration should have all required cache presets defined","invocations":1,"location":{"column":7,"line":694},"numPassingAsserts":33,"retryReasons":[],"status":"passed","title":"should have all required cache presets defined"},{"ancestorTitles":["Cache Presets Configuration"],"duration":2,"failureDetails":[],"failureMessages":[],"fullName":"Cache Presets Configuration should have appropriate TTL values for different data types","invocations":1,"location":{"column":7,"line":716},"numPassingAsserts":6,"retryReasons":[],"status":"passed","title":"should have appropriate TTL values for different data types"},{"ancestorTitles":["Invalidation Strategy Configuration"],"duration":3,"failureDetails":[],"failureMessages":[],"fullName":"Invalidation Strategy Configuration should have proper invalidation rules defined","invocations":1,"location":{"column":7,"line":732},"numPassingAsserts":5,"retryReasons":[],"status":"passed","title":"should have proper invalidation rules defined"},{"ancestorTitles":["Invalidation Strategy Configuration"],"duration":1,"failureDetails":[],"failureMessages":[],"fullName":"Invalidation Strategy Configuration should handle pattern interpolation correctly","invocations":1,"location":{"column":7,"line":747},"numPassingAsserts":1,"retryReasons":[],"status":"passed","title":"should handle pattern interpolation correctly"}],"endTime":1754669843814,"message":"\u001b[1m\u001b[31m  \u001b[1m● \u001b[22m\u001b[1mAlignME Redis Cache System › Cache Manager › should connect to Redis successfully\u001b[39m\u001b[22m\n\n    \u001b[2mexpect(\u001b[22m\u001b[31mreceived\u001b[39m\u001b[2m).\u001b[22mtoBe\u001b[2m(\u001b[22m\u001b[32mexpected\u001b[39m\u001b[2m) // Object.is equality\u001b[22m\n\n    Expected: \u001b[32m\"healthy\"\u001b[39m\n    Received: \u001b[31m\"\u001b[7mun\u001b[27mhealthy\"\u001b[39m\n\u001b[2m\u001b[22m\n\u001b[2m    \u001b[0m \u001b[90m  99 |\u001b[39m     test(\u001b[32m'should connect to Redis successfully'\u001b[39m\u001b[33m,\u001b[39m \u001b[36masync\u001b[39m () \u001b[33m=>\u001b[39m {\u001b[22m\n\u001b[2m     \u001b[90m 100 |\u001b[39m       \u001b[36mconst\u001b[39m health \u001b[33m=\u001b[39m \u001b[36mawait\u001b[39m cacheService\u001b[33m.\u001b[39mcacheManager\u001b[33m.\u001b[39mhealthCheck()\u001b[33m;\u001b[39m\u001b[22m\n\u001b[2m    \u001b[31m\u001b[1m>\u001b[22m\u001b[2m\u001b[39m\u001b[90m 101 |\u001b[39m       expect(health\u001b[33m.\u001b[39mstatus)\u001b[33m.\u001b[39mtoBe(\u001b[32m'healthy'\u001b[39m)\u001b[33m;\u001b[39m\u001b[22m\n\u001b[2m     \u001b[90m     |\u001b[39m                             \u001b[31m\u001b[1m^\u001b[22m\u001b[2m\u001b[39m\u001b[22m\n\u001b[2m     \u001b[90m 102 |\u001b[39m     })\u001b[33m;\u001b[39m\u001b[22m\n\u001b[2m     \u001b[90m 103 |\u001b[39m\u001b[22m\n\u001b[2m     \u001b[90m 104 |\u001b[39m     test(\u001b[32m'should set and get cache data'\u001b[39m\u001b[33m,\u001b[39m \u001b[36masync\u001b[39m () \u001b[33m=>\u001b[39m {\u001b[0m\u001b[22m\n\u001b[2m\u001b[22m\n\u001b[2m      \u001b[2mat Object.<anonymous> (\u001b[22m\u001b[2m\u001b[0m\u001b[36msrc/tests/cache-system.test.js\u001b[39m\u001b[0m\u001b[2m:101:29)\u001b[22m\u001b[2m\u001b[22m\n\n\u001b[1m\u001b[31m  \u001b[1m● \u001b[22m\u001b[1mAlignME Redis Cache System › Cache Manager › should set and get cache data\u001b[39m\u001b[22m\n\n    \u001b[2mexpect(\u001b[22m\u001b[31mreceived\u001b[39m\u001b[2m).\u001b[22mtoBe\u001b[2m(\u001b[22m\u001b[32mexpected\u001b[39m\u001b[2m) // Object.is equality\u001b[22m\n\n    Expected: \u001b[32mtrue\u001b[39m\n    Received: \u001b[31mfalse\u001b[39m\n\u001b[2m\u001b[22m\n\u001b[2m    \u001b[0m \u001b[90m 107 |\u001b[39m\u001b[22m\n\u001b[2m     \u001b[90m 108 |\u001b[39m       \u001b[36mconst\u001b[39m setResult \u001b[33m=\u001b[39m \u001b[36mawait\u001b[39m cacheService\u001b[33m.\u001b[39m\u001b[36mset\u001b[39m(key\u001b[33m,\u001b[39m data\u001b[33m,\u001b[39m \u001b[35m300\u001b[39m)\u001b[33m;\u001b[39m\u001b[22m\n\u001b[2m    \u001b[31m\u001b[1m>\u001b[22m\u001b[2m\u001b[39m\u001b[90m 109 |\u001b[39m       expect(setResult)\u001b[33m.\u001b[39mtoBe(\u001b[36mtrue\u001b[39m)\u001b[33m;\u001b[39m\u001b[22m\n\u001b[2m     \u001b[90m     |\u001b[39m                         \u001b[31m\u001b[1m^\u001b[22m\u001b[2m\u001b[39m\u001b[22m\n\u001b[2m     \u001b[90m 110 |\u001b[39m\u001b[22m\n\u001b[2m     \u001b[90m 111 |\u001b[39m       \u001b[36mconst\u001b[39m retrievedData \u001b[33m=\u001b[39m \u001b[36mawait\u001b[39m cacheService\u001b[33m.\u001b[39m\u001b[36mget\u001b[39m(key)\u001b[33m;\u001b[39m\u001b[22m\n\u001b[2m     \u001b[90m 112 |\u001b[39m       expect(retrievedData)\u001b[33m.\u001b[39mtoEqual(data)\u001b[33m;\u001b[39m\u001b[0m\u001b[22m\n\u001b[2m\u001b[22m\n\u001b[2m      \u001b[2mat Object.<anonymous> (\u001b[22m\u001b[2m\u001b[0m\u001b[36msrc/tests/cache-system.test.js\u001b[39m\u001b[0m\u001b[2m:109:25)\u001b[22m\u001b[2m\u001b[22m\n\n\u001b[1m\u001b[31m  \u001b[1m● \u001b[22m\u001b[1mAlignME Redis Cache System › Cache Manager › should delete cache entries\u001b[39m\u001b[22m\n\n    \u001b[2mexpect(\u001b[22m\u001b[31mreceived\u001b[39m\u001b[2m).\u001b[22mtoEqual\u001b[2m(\u001b[22m\u001b[32mexpected\u001b[39m\u001b[2m) // deep equality\u001b[22m\n\n    Expected: \u001b[32m{\"test\": \"data\"}\u001b[39m\n    Received: \u001b[31mnull\u001b[39m\n\u001b[2m\u001b[22m\n\u001b[2m    \u001b[0m \u001b[90m 124 |\u001b[39m       \u001b[36mawait\u001b[39m cacheService\u001b[33m.\u001b[39m\u001b[36mset\u001b[39m(key\u001b[33m,\u001b[39m data\u001b[33m,\u001b[39m \u001b[35m300\u001b[39m)\u001b[33m;\u001b[39m\u001b[22m\n\u001b[2m     \u001b[90m 125 |\u001b[39m       \u001b[36mconst\u001b[39m beforeDelete \u001b[33m=\u001b[39m \u001b[36mawait\u001b[39m cacheService\u001b[33m.\u001b[39m\u001b[36mget\u001b[39m(key)\u001b[33m;\u001b[39m\u001b[22m\n\u001b[2m    \u001b[31m\u001b[1m>\u001b[22m\u001b[2m\u001b[39m\u001b[90m 126 |\u001b[39m       expect(beforeDelete)\u001b[33m.\u001b[39mtoEqual(data)\u001b[33m;\u001b[39m\u001b[22m\n\u001b[2m     \u001b[90m     |\u001b[39m                            \u001b[31m\u001b[1m^\u001b[22m\u001b[2m\u001b[39m\u001b[22m\n\u001b[2m     \u001b[90m 127 |\u001b[39m\u001b[22m\n\u001b[2m     \u001b[90m 128 |\u001b[39m       \u001b[36mconst\u001b[39m deleteResult \u001b[33m=\u001b[39m \u001b[36mawait\u001b[39m cacheService\u001b[33m.\u001b[39m\u001b[36mdelete\u001b[39m(key)\u001b[33m;\u001b[39m\u001b[22m\n\u001b[2m     \u001b[90m 129 |\u001b[39m       expect(deleteResult)\u001b[33m.\u001b[39mtoBe(\u001b[36mtrue\u001b[39m)\u001b[33m;\u001b[39m\u001b[0m\u001b[22m\n\u001b[2m\u001b[22m\n\u001b[2m      \u001b[2mat Object.<anonymous> (\u001b[22m\u001b[2m\u001b[0m\u001b[36msrc/tests/cache-system.test.js\u001b[39m\u001b[0m\u001b[2m:126:28)\u001b[22m\u001b[2m\u001b[22m\n\n\u001b[1m\u001b[31m  \u001b[1m● \u001b[22m\u001b[1mAlignME Redis Cache System › Cache Manager › should provide cache statistics\u001b[39m\u001b[22m\n\n    \u001b[2mexpect(\u001b[22m\u001b[31mreceived\u001b[39m\u001b[2m).\u001b[22mtoBeGreaterThan\u001b[2m(\u001b[22m\u001b[32mexpected\u001b[39m\u001b[2m)\u001b[22m\n\n    Expected: > \u001b[32m0\u001b[39m\n    Received:   \u001b[31m0\u001b[39m\n\u001b[2m\u001b[22m\n\u001b[2m    \u001b[0m \u001b[90m 156 |\u001b[39m\u001b[22m\n\u001b[2m     \u001b[90m 157 |\u001b[39m       \u001b[36mconst\u001b[39m stats \u001b[33m=\u001b[39m \u001b[36mawait\u001b[39m cacheService\u001b[33m.\u001b[39mgetStats()\u001b[33m;\u001b[39m\u001b[22m\n\u001b[2m    \u001b[31m\u001b[1m>\u001b[22m\u001b[2m\u001b[39m\u001b[90m 158 |\u001b[39m       expect(stats\u001b[33m.\u001b[39mservice\u001b[33m.\u001b[39mhits)\u001b[33m.\u001b[39mtoBeGreaterThan(\u001b[35m0\u001b[39m)\u001b[33m;\u001b[39m\u001b[22m\n\u001b[2m     \u001b[90m     |\u001b[39m                                  \u001b[31m\u001b[1m^\u001b[22m\u001b[2m\u001b[39m\u001b[22m\n\u001b[2m     \u001b[90m 159 |\u001b[39m       expect(stats\u001b[33m.\u001b[39mservice\u001b[33m.\u001b[39mmisses)\u001b[33m.\u001b[39mtoBeGreaterThan(\u001b[35m0\u001b[39m)\u001b[33m;\u001b[39m\u001b[22m\n\u001b[2m     \u001b[90m 160 |\u001b[39m     })\u001b[33m;\u001b[39m\u001b[22m\n\u001b[2m     \u001b[90m 161 |\u001b[39m   })\u001b[33m;\u001b[39m\u001b[0m\u001b[22m\n\u001b[2m\u001b[22m\n\u001b[2m      \u001b[2mat Object.<anonymous> (\u001b[22m\u001b[2m\u001b[0m\u001b[36msrc/tests/cache-system.test.js\u001b[39m\u001b[0m\u001b[2m:158:34)\u001b[22m\u001b[2m\u001b[22m\n\n\u001b[1m\u001b[31m  \u001b[1m● \u001b[22m\u001b[1mAlignME Redis Cache System › Cache Middleware › should cache GET responses\u001b[39m\u001b[22m\n\n    \u001b[2mexpect(\u001b[22m\u001b[31mreceived\u001b[39m\u001b[2m).\u001b[22mtoBe\u001b[2m(\u001b[22m\u001b[32mexpected\u001b[39m\u001b[2m) // Object.is equality\u001b[22m\n\n    Expected: \u001b[32m\"HIT\"\u001b[39m\n    Received: \u001b[31m\"MISS\"\u001b[39m\n\u001b[2m\u001b[22m\n\u001b[2m    \u001b[0m \u001b[90m 193 |\u001b[39m         \u001b[33m.\u001b[39mexpect(\u001b[35m200\u001b[39m)\u001b[33m;\u001b[39m\u001b[22m\n\u001b[2m     \u001b[90m 194 |\u001b[39m\u001b[22m\n\u001b[2m    \u001b[31m\u001b[1m>\u001b[22m\u001b[2m\u001b[39m\u001b[90m 195 |\u001b[39m       expect(response2\u001b[33m.\u001b[39mheaders[\u001b[32m'x-cache'\u001b[39m])\u001b[33m.\u001b[39mtoBe(\u001b[32m'HIT'\u001b[39m)\u001b[33m;\u001b[39m\u001b[22m\n\u001b[2m     \u001b[90m     |\u001b[39m                                            \u001b[31m\u001b[1m^\u001b[22m\u001b[2m\u001b[39m\u001b[22m\n\u001b[2m     \u001b[90m 196 |\u001b[39m       expect(response2\u001b[33m.\u001b[39mbody\u001b[33m.\u001b[39m_cache\u001b[33m.\u001b[39mhit)\u001b[33m.\u001b[39mtoBe(\u001b[36mtrue\u001b[39m)\u001b[33m;\u001b[39m\u001b[22m\n\u001b[2m     \u001b[90m 197 |\u001b[39m       expect(dbCallCount)\u001b[33m.\u001b[39mtoBe(\u001b[35m1\u001b[39m)\u001b[33m;\u001b[39m \u001b[90m// Database not called again\u001b[39m\u001b[22m\n\u001b[2m     \u001b[90m 198 |\u001b[39m     })\u001b[33m;\u001b[39m\u001b[0m\u001b[22m\n\u001b[2m\u001b[22m\n\u001b[2m      \u001b[2mat Object.<anonymous> (\u001b[22m\u001b[2m\u001b[0m\u001b[36msrc/tests/cache-system.test.js\u001b[39m\u001b[0m\u001b[2m:195:44)\u001b[22m\u001b[2m\u001b[22m\n\n\u001b[1m\u001b[31m  \u001b[1m● \u001b[22m\u001b[1mAlignME Redis Cache System › Cache Middleware › should use predefined cache presets\u001b[39m\u001b[22m\n\n    \u001b[2mexpect(\u001b[22m\u001b[31mreceived\u001b[39m\u001b[2m).\u001b[22mtoBe\u001b[2m(\u001b[22m\u001b[32mexpected\u001b[39m\u001b[2m) // Object.is equality\u001b[22m\n\n    Expected: \u001b[32m\"HIT\"\u001b[39m\n    Received: \u001b[31m\"MISS\"\u001b[39m\n\u001b[2m\u001b[22m\n\u001b[2m    \u001b[0m \u001b[90m 254 |\u001b[39m         \u001b[33m.\u001b[39mexpect(\u001b[35m200\u001b[39m)\u001b[33m;\u001b[39m\u001b[22m\n\u001b[2m     \u001b[90m 255 |\u001b[39m\u001b[22m\n\u001b[2m    \u001b[31m\u001b[1m>\u001b[22m\u001b[2m\u001b[39m\u001b[90m 256 |\u001b[39m       expect(response2\u001b[33m.\u001b[39mheaders[\u001b[32m'x-cache'\u001b[39m])\u001b[33m.\u001b[39mtoBe(\u001b[32m'HIT'\u001b[39m)\u001b[33m;\u001b[39m\u001b[22m\n\u001b[2m     \u001b[90m     |\u001b[39m                                            \u001b[31m\u001b[1m^\u001b[22m\u001b[2m\u001b[39m\u001b[22m\n\u001b[2m     \u001b[90m 257 |\u001b[39m       expect(callCount)\u001b[33m.\u001b[39mtoBe(\u001b[35m1\u001b[39m)\u001b[33m;\u001b[39m\u001b[22m\n\u001b[2m     \u001b[90m 258 |\u001b[39m     })\u001b[33m;\u001b[39m\u001b[22m\n\u001b[2m     \u001b[90m 259 |\u001b[39m\u001b[0m\u001b[22m\n\u001b[2m\u001b[22m\n\u001b[2m      \u001b[2mat Object.<anonymous> (\u001b[22m\u001b[2m\u001b[0m\u001b[36msrc/tests/cache-system.test.js\u001b[39m\u001b[0m\u001b[2m:256:44)\u001b[22m\u001b[2m\u001b[22m\n\n\u001b[1m\u001b[31m  \u001b[1m● \u001b[22m\u001b[1mAlignME Redis Cache System › Cache Middleware › should include user context in cache keys\u001b[39m\u001b[22m\n\n    \u001b[2mexpect(\u001b[22m\u001b[31mreceived\u001b[39m\u001b[2m).\u001b[22mtoBe\u001b[2m(\u001b[22m\u001b[32mexpected\u001b[39m\u001b[2m) // Object.is equality\u001b[22m\n\n    Expected: \u001b[32m\"user\u001b[7m1\u001b[27m\"\u001b[39m\n    Received: \u001b[31m\"\u001b[7mdefault-\u001b[27muser\"\u001b[39m\n\u001b[2m\u001b[22m\n\u001b[2m    \u001b[0m \u001b[90m 283 |\u001b[39m       expect(response1\u001b[33m.\u001b[39mheaders[\u001b[32m'x-cache'\u001b[39m])\u001b[33m.\u001b[39mtoBe(\u001b[32m'MISS'\u001b[39m)\u001b[33m;\u001b[39m\u001b[22m\n\u001b[2m     \u001b[90m 284 |\u001b[39m       expect(response2\u001b[33m.\u001b[39mheaders[\u001b[32m'x-cache'\u001b[39m])\u001b[33m.\u001b[39mtoBe(\u001b[32m'MISS'\u001b[39m)\u001b[33m;\u001b[39m\u001b[22m\n\u001b[2m    \u001b[31m\u001b[1m>\u001b[22m\u001b[2m\u001b[39m\u001b[90m 285 |\u001b[39m       expect(response1\u001b[33m.\u001b[39mbody\u001b[33m.\u001b[39muserId)\u001b[33m.\u001b[39mtoBe(\u001b[32m'user1'\u001b[39m)\u001b[33m;\u001b[39m\u001b[22m\n\u001b[2m     \u001b[90m     |\u001b[39m                                     \u001b[31m\u001b[1m^\u001b[22m\u001b[2m\u001b[39m\u001b[22m\n\u001b[2m     \u001b[90m 286 |\u001b[39m       expect(response2\u001b[33m.\u001b[39mbody\u001b[33m.\u001b[39muserId)\u001b[33m.\u001b[39mtoBe(\u001b[32m'user2'\u001b[39m)\u001b[33m;\u001b[39m\u001b[22m\n\u001b[2m     \u001b[90m 287 |\u001b[39m     })\u001b[33m;\u001b[39m\u001b[22m\n\u001b[2m     \u001b[90m 288 |\u001b[39m   })\u001b[33m;\u001b[39m\u001b[0m\u001b[22m\n\u001b[2m\u001b[22m\n\u001b[2m      \u001b[2mat Object.<anonymous> (\u001b[22m\u001b[2m\u001b[0m\u001b[36msrc/tests/cache-system.test.js\u001b[39m\u001b[0m\u001b[2m:285:37)\u001b[22m\u001b[2m\u001b[22m\n\n\u001b[1m\u001b[31m  \u001b[1m● \u001b[22m\u001b[1mAlignME Redis Cache System › Cache Invalidation › should invalidate cache by pattern\u001b[39m\u001b[22m\n\n    \u001b[2mexpect(\u001b[22m\u001b[31mreceived\u001b[39m\u001b[2m).\u001b[22mtoBeTruthy\u001b[2m()\u001b[22m\n\n    Received: \u001b[31mnull\u001b[39m\n\u001b[2m\u001b[22m\n\u001b[2m    \u001b[0m \u001b[90m 300 |\u001b[39m       \u001b[36mconst\u001b[39m projectData \u001b[33m=\u001b[39m \u001b[36mawait\u001b[39m cacheService\u001b[33m.\u001b[39m\u001b[36mget\u001b[39m(\u001b[32m'alignme:project:details:789'\u001b[39m)\u001b[33m;\u001b[39m\u001b[22m\n\u001b[2m     \u001b[90m 301 |\u001b[39m\u001b[22m\n\u001b[2m    \u001b[31m\u001b[1m>\u001b[22m\u001b[2m\u001b[39m\u001b[90m 302 |\u001b[39m       expect(userData1)\u001b[33m.\u001b[39mtoBeTruthy()\u001b[33m;\u001b[39m\u001b[22m\n\u001b[2m     \u001b[90m     |\u001b[39m                         \u001b[31m\u001b[1m^\u001b[22m\u001b[2m\u001b[39m\u001b[22m\n\u001b[2m     \u001b[90m 303 |\u001b[39m       expect(userData2)\u001b[33m.\u001b[39mtoBeTruthy()\u001b[33m;\u001b[39m\u001b[22m\n\u001b[2m     \u001b[90m 304 |\u001b[39m       expect(projectData)\u001b[33m.\u001b[39mtoBeTruthy()\u001b[33m;\u001b[39m\u001b[22m\n\u001b[2m     \u001b[90m 305 |\u001b[39m\u001b[0m\u001b[22m\n\u001b[2m\u001b[22m\n\u001b[2m      \u001b[2mat Object.<anonymous> (\u001b[22m\u001b[2m\u001b[0m\u001b[36msrc/tests/cache-system.test.js\u001b[39m\u001b[0m\u001b[2m:302:25)\u001b[22m\u001b[2m\u001b[22m\n\n\u001b[1m\u001b[31m  \u001b[1m● \u001b[22m\u001b[1mAlignME Redis Cache System › Cache Invalidation › should invalidate cache using event-based strategy\u001b[39m\u001b[22m\n\n    \u001b[2mexpect(\u001b[22m\u001b[31mreceived\u001b[39m\u001b[2m).\u001b[22mtoBeGreaterThan\u001b[2m(\u001b[22m\u001b[32mexpected\u001b[39m\u001b[2m)\u001b[22m\n\n    Expected: > \u001b[32m0\u001b[39m\n    Received:   \u001b[31m0\u001b[39m\n\u001b[2m\u001b[22m\n\u001b[2m    \u001b[0m \u001b[90m 328 |\u001b[39m\u001b[22m\n\u001b[2m     \u001b[90m 329 |\u001b[39m       expect(result\u001b[33m.\u001b[39msuccess)\u001b[33m.\u001b[39mtoBe(\u001b[36mtrue\u001b[39m)\u001b[33m;\u001b[39m\u001b[22m\n\u001b[2m    \u001b[31m\u001b[1m>\u001b[22m\u001b[2m\u001b[39m\u001b[90m 330 |\u001b[39m       expect(result\u001b[33m.\u001b[39mtotalDeleted)\u001b[33m.\u001b[39mtoBeGreaterThan(\u001b[35m0\u001b[39m)\u001b[33m;\u001b[39m\u001b[22m\n\u001b[2m     \u001b[90m     |\u001b[39m                                   \u001b[31m\u001b[1m^\u001b[22m\u001b[2m\u001b[39m\u001b[22m\n\u001b[2m     \u001b[90m 331 |\u001b[39m\u001b[22m\n\u001b[2m     \u001b[90m 332 |\u001b[39m       \u001b[90m// Check that user-specific data is invalidated\u001b[39m\u001b[22m\n\u001b[2m     \u001b[90m 333 |\u001b[39m       \u001b[36mconst\u001b[39m profileData \u001b[33m=\u001b[39m \u001b[36mawait\u001b[39m cacheService\u001b[33m.\u001b[39m\u001b[36mget\u001b[39m(\u001b[32m'alignme:user:profile:123'\u001b[39m)\u001b[33m;\u001b[39m\u001b[0m\u001b[22m\n\u001b[2m\u001b[22m\n\u001b[2m      \u001b[2mat Object.<anonymous> (\u001b[22m\u001b[2m\u001b[0m\u001b[36msrc/tests/cache-system.test.js\u001b[39m\u001b[0m\u001b[2m:330:35)\u001b[22m\u001b[2m\u001b[22m\n\n\u001b[1m\u001b[31m  \u001b[1m● \u001b[22m\u001b[1mAlignME Redis Cache System › Cache Invalidation › should handle invalidation middleware\u001b[39m\u001b[22m\n\n    Route.put() requires a callback function but got a [object Promise]\n\u001b[2m\u001b[22m\n\u001b[2m    \u001b[0m \u001b[90m 340 |\u001b[39m     test(\u001b[32m'should handle invalidation middleware'\u001b[39m\u001b[33m,\u001b[39m \u001b[36masync\u001b[39m () \u001b[33m=>\u001b[39m {\u001b[22m\n\u001b[2m     \u001b[90m 341 |\u001b[39m       \u001b[90m// Setup route with invalidation\u001b[39m\u001b[22m\n\u001b[2m    \u001b[31m\u001b[1m>\u001b[22m\u001b[2m\u001b[39m\u001b[90m 342 |\u001b[39m       app\u001b[33m.\u001b[39mput(\u001b[32m'/api/users/:id'\u001b[39m\u001b[33m,\u001b[39m \u001b[22m\n\u001b[2m     \u001b[90m     |\u001b[39m           \u001b[31m\u001b[1m^\u001b[22m\u001b[2m\u001b[39m\u001b[22m\n\u001b[2m     \u001b[90m 343 |\u001b[39m         invalidateCache\u001b[33m.\u001b[39muserUpdated(req \u001b[33m=>\u001b[39m req\u001b[33m.\u001b[39mparams\u001b[33m.\u001b[39mid)\u001b[33m,\u001b[39m\u001b[22m\n\u001b[2m     \u001b[90m 344 |\u001b[39m         (req\u001b[33m,\u001b[39m res) \u001b[33m=>\u001b[39m {\u001b[22m\n\u001b[2m     \u001b[90m 345 |\u001b[39m           res\u001b[33m.\u001b[39mjson({ message\u001b[33m:\u001b[39m \u001b[32m'User updated'\u001b[39m\u001b[33m,\u001b[39m userId\u001b[33m:\u001b[39m req\u001b[33m.\u001b[39mparams\u001b[33m.\u001b[39mid })\u001b[33m;\u001b[39m\u001b[0m\u001b[22m\n\u001b[2m\u001b[22m\n\u001b[2m      \u001b[2mat Route.<computed> [as put] (\u001b[22m\u001b[2mnode_modules/express/lib/router/route.js\u001b[2m:216:15)\u001b[22m\u001b[2m\u001b[22m\n\u001b[2m      \u001b[2mat Function.app.<computed> [as put] (\u001b[22m\u001b[2mnode_modules/express/lib/application.js\u001b[2m:499:19)\u001b[22m\u001b[2m\u001b[22m\n\u001b[2m      \u001b[2mat Object.<anonymous> (\u001b[22m\u001b[2m\u001b[0m\u001b[36msrc/tests/cache-system.test.js\u001b[39m\u001b[0m\u001b[2m:342:11)\u001b[22m\u001b[2m\u001b[22m\n\n\u001b[1m\u001b[31m  \u001b[1m● \u001b[22m\u001b[1mAlignME Redis Cache System › Cache Integration Examples › should cache user portfolio with proper TTL\u001b[39m\u001b[22m\n\n    \u001b[2mexpect(\u001b[22m\u001b[31mreceived\u001b[39m\u001b[2m).\u001b[22mtoBe\u001b[2m(\u001b[22m\u001b[32mexpected\u001b[39m\u001b[2m) // Object.is equality\u001b[22m\n\n    Expected: \u001b[32m\"HIT\"\u001b[39m\n    Received: \u001b[31m\"MISS\"\u001b[39m\n\u001b[2m\u001b[22m\n\u001b[2m    \u001b[0m \u001b[90m 412 |\u001b[39m         \u001b[33m.\u001b[39mexpect(\u001b[35m200\u001b[39m)\u001b[33m;\u001b[39m\u001b[22m\n\u001b[2m     \u001b[90m 413 |\u001b[39m\u001b[22m\n\u001b[2m    \u001b[31m\u001b[1m>\u001b[22m\u001b[2m\u001b[39m\u001b[90m 414 |\u001b[39m       expect(response2\u001b[33m.\u001b[39mheaders[\u001b[32m'x-cache'\u001b[39m])\u001b[33m.\u001b[39mtoBe(\u001b[32m'HIT'\u001b[39m)\u001b[33m;\u001b[39m\u001b[22m\n\u001b[2m     \u001b[90m     |\u001b[39m                                            \u001b[31m\u001b[1m^\u001b[22m\u001b[2m\u001b[39m\u001b[22m\n\u001b[2m     \u001b[90m 415 |\u001b[39m       expect(response2\u001b[33m.\u001b[39mbody\u001b[33m.\u001b[39m_cache\u001b[33m.\u001b[39mhit)\u001b[33m.\u001b[39mtoBe(\u001b[36mtrue\u001b[39m)\u001b[33m;\u001b[39m\u001b[22m\n\u001b[2m     \u001b[90m 416 |\u001b[39m       expect(dbCallCount)\u001b[33m.\u001b[39mtoBe(\u001b[35m1\u001b[39m)\u001b[33m;\u001b[39m\u001b[22m\n\u001b[2m     \u001b[90m 417 |\u001b[39m     })\u001b[33m;\u001b[39m\u001b[0m\u001b[22m\n\u001b[2m\u001b[22m\n\u001b[2m      \u001b[2mat Object.<anonymous> (\u001b[22m\u001b[2m\u001b[0m\u001b[36msrc/tests/cache-system.test.js\u001b[39m\u001b[0m\u001b[2m:414:44)\u001b[22m\u001b[2m\u001b[22m\n\n\u001b[1m\u001b[31m  \u001b[1m● \u001b[22m\u001b[1mAlignME Redis Cache System › Cache Integration Examples › should cache project listings with query parameters\u001b[39m\u001b[22m\n\n    \u001b[2mexpect(\u001b[22m\u001b[31mreceived\u001b[39m\u001b[2m).\u001b[22mtoBe\u001b[2m(\u001b[22m\u001b[32mexpected\u001b[39m\u001b[2m) // Object.is equality\u001b[22m\n\n    Expected: \u001b[32m\"HIT\"\u001b[39m\n    Received: \u001b[31m\"MISS\"\u001b[39m\n\u001b[2m\u001b[22m\n\u001b[2m    \u001b[0m \u001b[90m 445 |\u001b[39m         \u001b[33m.\u001b[39mexpect(\u001b[35m200\u001b[39m)\u001b[33m;\u001b[39m\u001b[22m\n\u001b[2m     \u001b[90m 446 |\u001b[39m\u001b[22m\n\u001b[2m    \u001b[31m\u001b[1m>\u001b[22m\u001b[2m\u001b[39m\u001b[90m 447 |\u001b[39m       expect(response2\u001b[33m.\u001b[39mheaders[\u001b[32m'x-cache'\u001b[39m])\u001b[33m.\u001b[39mtoBe(\u001b[32m'HIT'\u001b[39m)\u001b[33m;\u001b[39m\u001b[22m\n\u001b[2m     \u001b[90m     |\u001b[39m                                            \u001b[31m\u001b[1m^\u001b[22m\u001b[2m\u001b[39m\u001b[22m\n\u001b[2m     \u001b[90m 448 |\u001b[39m       expect(dbCallCount)\u001b[33m.\u001b[39mtoBe(\u001b[35m1\u001b[39m)\u001b[33m;\u001b[39m\u001b[22m\n\u001b[2m     \u001b[90m 449 |\u001b[39m\u001b[22m\n\u001b[2m     \u001b[90m 450 |\u001b[39m       \u001b[90m// Different filters - should miss cache\u001b[39m\u001b[0m\u001b[22m\n\u001b[2m\u001b[22m\n\u001b[2m      \u001b[2mat Object.<anonymous> (\u001b[22m\u001b[2m\u001b[0m\u001b[36msrc/tests/cache-system.test.js\u001b[39m\u001b[0m\u001b[2m:447:44)\u001b[22m\u001b[2m\u001b[22m\n\n\u001b[1m\u001b[31m  \u001b[1m● \u001b[22m\u001b[1mAlignME Redis Cache System › Cache Integration Examples › should cache search results properly\u001b[39m\u001b[22m\n\n    \u001b[2mexpect(\u001b[22m\u001b[31mreceived\u001b[39m\u001b[2m).\u001b[22mtoBe\u001b[2m(\u001b[22m\u001b[32mexpected\u001b[39m\u001b[2m) // Object.is equality\u001b[22m\n\n    Expected: \u001b[32m\"HIT\"\u001b[39m\n    Received: \u001b[31m\"MISS\"\u001b[39m\n\u001b[2m\u001b[22m\n\u001b[2m    \u001b[0m \u001b[90m 487 |\u001b[39m         \u001b[33m.\u001b[39mexpect(\u001b[35m200\u001b[39m)\u001b[33m;\u001b[39m\u001b[22m\n\u001b[2m     \u001b[90m 488 |\u001b[39m\u001b[22m\n\u001b[2m    \u001b[31m\u001b[1m>\u001b[22m\u001b[2m\u001b[39m\u001b[90m 489 |\u001b[39m       expect(response2\u001b[33m.\u001b[39mheaders[\u001b[32m'x-cache'\u001b[39m])\u001b[33m.\u001b[39mtoBe(\u001b[32m'HIT'\u001b[39m)\u001b[33m;\u001b[39m\u001b[22m\n\u001b[2m     \u001b[90m     |\u001b[39m                                            \u001b[31m\u001b[1m^\u001b[22m\u001b[2m\u001b[39m\u001b[22m\n\u001b[2m     \u001b[90m 490 |\u001b[39m       expect(searchCallCount)\u001b[33m.\u001b[39mtoBe(\u001b[35m1\u001b[39m)\u001b[33m;\u001b[39m\u001b[22m\n\u001b[2m     \u001b[90m 491 |\u001b[39m     })\u001b[33m;\u001b[39m\u001b[22m\n\u001b[2m     \u001b[90m 492 |\u001b[39m   })\u001b[33m;\u001b[39m\u001b[0m\u001b[22m\n\u001b[2m\u001b[22m\n\u001b[2m      \u001b[2mat Object.<anonymous> (\u001b[22m\u001b[2m\u001b[0m\u001b[36msrc/tests/cache-system.test.js\u001b[39m\u001b[0m\u001b[2m:489:44)\u001b[22m\u001b[2m\u001b[22m\n\n\u001b[1m\u001b[31m  \u001b[1m● \u001b[22m\u001b[1mAlignME Redis Cache System › Cache Administration › should provide health check endpoint\u001b[39m\u001b[22m\n\n    expected 200 \"OK\", got 503 \"Service Unavailable\"\n\u001b[2m\u001b[22m\n\u001b[2m    \u001b[0m \u001b[90m 518 |\u001b[39m       \u001b[36mconst\u001b[39m response \u001b[33m=\u001b[39m \u001b[36mawait\u001b[39m request(app)\u001b[22m\n\u001b[2m     \u001b[90m 519 |\u001b[39m         \u001b[33m.\u001b[39m\u001b[36mget\u001b[39m(\u001b[32m'/api/cache/health'\u001b[39m)\u001b[22m\n\u001b[2m    \u001b[31m\u001b[1m>\u001b[22m\u001b[2m\u001b[39m\u001b[90m 520 |\u001b[39m         \u001b[33m.\u001b[39mexpect(\u001b[35m200\u001b[39m)\u001b[33m;\u001b[39m\u001b[22m\n\u001b[2m     \u001b[90m     |\u001b[39m          \u001b[31m\u001b[1m^\u001b[22m\u001b[2m\u001b[39m\u001b[22m\n\u001b[2m     \u001b[90m 521 |\u001b[39m\u001b[22m\n\u001b[2m     \u001b[90m 522 |\u001b[39m       expect(response\u001b[33m.\u001b[39mbody\u001b[33m.\u001b[39msuccess)\u001b[33m.\u001b[39mtoBe(\u001b[36mtrue\u001b[39m)\u001b[33m;\u001b[39m\u001b[22m\n\u001b[2m     \u001b[90m 523 |\u001b[39m       expect(response\u001b[33m.\u001b[39mbody\u001b[33m.\u001b[39mdata\u001b[33m.\u001b[39mstatus)\u001b[33m.\u001b[39mtoBe(\u001b[32m'healthy'\u001b[39m)\u001b[33m;\u001b[39m\u001b[0m\u001b[22m\n\u001b[2m\u001b[22m\n\u001b[2m      \u001b[2mat Object.<anonymous> (\u001b[22m\u001b[2m\u001b[0m\u001b[36msrc/tests/cache-system.test.js\u001b[39m\u001b[0m\u001b[2m:520:10)\u001b[22m\u001b[2m\u001b[22m\n\u001b[2m      ----\u001b[22m\n\u001b[2m      \u001b[2mat Test._assertStatus (\u001b[22m\u001b[2m\u001b[0m\u001b[36mnode_modules/supertest/lib/test.js\u001b[39m\u001b[0m\u001b[2m:309:14)\u001b[22m\u001b[2m\u001b[22m\n\u001b[2m      \u001b[2mat \u001b[22m\u001b[2m\u001b[0m\u001b[36mnode_modules/supertest/lib/test.js\u001b[39m\u001b[0m\u001b[2m:365:13\u001b[22m\u001b[2m\u001b[22m\n\u001b[2m      \u001b[2mat Test._assertFunction (\u001b[22m\u001b[2m\u001b[0m\u001b[36mnode_modules/supertest/lib/test.js\u001b[39m\u001b[0m\u001b[2m:342:13)\u001b[22m\u001b[2m\u001b[22m\n\u001b[2m      \u001b[2mat Test.assert (\u001b[22m\u001b[2m\u001b[0m\u001b[36mnode_modules/supertest/lib/test.js\u001b[39m\u001b[0m\u001b[2m:195:23)\u001b[22m\u001b[2m\u001b[22m\n\u001b[2m      \u001b[2mat localAssert (\u001b[22m\u001b[2m\u001b[0m\u001b[36mnode_modules/supertest/lib/test.js\u001b[39m\u001b[0m\u001b[2m:138:14)\u001b[22m\u001b[2m\u001b[22m\n\u001b[2m      \u001b[2mat Server.<anonymous> (\u001b[22m\u001b[2m\u001b[0m\u001b[36mnode_modules/supertest/lib/test.js\u001b[39m\u001b[0m\u001b[2m:152:11)\u001b[22m\u001b[2m\u001b[22m\n\n\u001b[1m\u001b[31m  \u001b[1m● \u001b[22m\u001b[1mAlignME Redis Cache System › Cache Administration › should allow manual cache operations\u001b[39m\u001b[22m\n\n    expected 200 \"OK\", got 500 \"Internal Server Error\"\n\u001b[2m\u001b[22m\n\u001b[2m    \u001b[0m \u001b[90m 533 |\u001b[39m           ttl\u001b[33m:\u001b[39m \u001b[35m300\u001b[39m\u001b[33m,\u001b[39m\u001b[22m\n\u001b[2m     \u001b[90m 534 |\u001b[39m         })\u001b[22m\n\u001b[2m    \u001b[31m\u001b[1m>\u001b[22m\u001b[2m\u001b[39m\u001b[90m 535 |\u001b[39m         \u001b[33m.\u001b[39mexpect(\u001b[35m200\u001b[39m)\u001b[33m;\u001b[39m\u001b[22m\n\u001b[2m     \u001b[90m     |\u001b[39m          \u001b[31m\u001b[1m^\u001b[22m\u001b[2m\u001b[39m\u001b[22m\n\u001b[2m     \u001b[90m 536 |\u001b[39m\u001b[22m\n\u001b[2m     \u001b[90m 537 |\u001b[39m       expect(setResponse\u001b[33m.\u001b[39mbody\u001b[33m.\u001b[39msuccess)\u001b[33m.\u001b[39mtoBe(\u001b[36mtrue\u001b[39m)\u001b[33m;\u001b[39m\u001b[22m\n\u001b[2m     \u001b[90m 538 |\u001b[39m\u001b[0m\u001b[22m\n\u001b[2m\u001b[22m\n\u001b[2m      \u001b[2mat Object.<anonymous> (\u001b[22m\u001b[2m\u001b[0m\u001b[36msrc/tests/cache-system.test.js\u001b[39m\u001b[0m\u001b[2m:535:10)\u001b[22m\u001b[2m\u001b[22m\n\u001b[2m      ----\u001b[22m\n\u001b[2m      \u001b[2mat Test._assertStatus (\u001b[22m\u001b[2m\u001b[0m\u001b[36mnode_modules/supertest/lib/test.js\u001b[39m\u001b[0m\u001b[2m:309:14)\u001b[22m\u001b[2m\u001b[22m\n\u001b[2m      \u001b[2mat \u001b[22m\u001b[2m\u001b[0m\u001b[36mnode_modules/supertest/lib/test.js\u001b[39m\u001b[0m\u001b[2m:365:13\u001b[22m\u001b[2m\u001b[22m\n\u001b[2m      \u001b[2mat Test._assertFunction (\u001b[22m\u001b[2m\u001b[0m\u001b[36mnode_modules/supertest/lib/test.js\u001b[39m\u001b[0m\u001b[2m:342:13)\u001b[22m\u001b[2m\u001b[22m\n\u001b[2m      \u001b[2mat Test.assert (\u001b[22m\u001b[2m\u001b[0m\u001b[36mnode_modules/supertest/lib/test.js\u001b[39m\u001b[0m\u001b[2m:195:23)\u001b[22m\u001b[2m\u001b[22m\n\u001b[2m      \u001b[2mat localAssert (\u001b[22m\u001b[2m\u001b[0m\u001b[36mnode_modules/supertest/lib/test.js\u001b[39m\u001b[0m\u001b[2m:138:14)\u001b[22m\u001b[2m\u001b[22m\n\u001b[2m      \u001b[2mat Server.<anonymous> (\u001b[22m\u001b[2m\u001b[0m\u001b[36mnode_modules/supertest/lib/test.js\u001b[39m\u001b[0m\u001b[2m:152:11)\u001b[22m\u001b[2m\u001b[22m\n\n\u001b[1m\u001b[31m  \u001b[1m● \u001b[22m\u001b[1mAlignME Redis Cache System › Cache Administration › should handle pattern-based invalidation\u001b[39m\u001b[22m\n\n    \u001b[2mexpect(\u001b[22m\u001b[31mreceived\u001b[39m\u001b[2m).\u001b[22mtoBe\u001b[2m(\u001b[22m\u001b[32mexpected\u001b[39m\u001b[2m) // Object.is equality\u001b[22m\n\n    Expected: \u001b[32m2\u001b[39m\n    Received: \u001b[31m0\u001b[39m\n\u001b[2m\u001b[22m\n\u001b[2m    \u001b[0m \u001b[90m 565 |\u001b[39m\u001b[22m\n\u001b[2m     \u001b[90m 566 |\u001b[39m       expect(response\u001b[33m.\u001b[39mbody\u001b[33m.\u001b[39msuccess)\u001b[33m.\u001b[39mtoBe(\u001b[36mtrue\u001b[39m)\u001b[33m;\u001b[39m\u001b[22m\n\u001b[2m    \u001b[31m\u001b[1m>\u001b[22m\u001b[2m\u001b[39m\u001b[90m 567 |\u001b[39m       expect(response\u001b[33m.\u001b[39mbody\u001b[33m.\u001b[39mkeysDeleted)\u001b[33m.\u001b[39mtoBe(\u001b[35m2\u001b[39m)\u001b[33m;\u001b[39m\u001b[22m\n\u001b[2m     \u001b[90m     |\u001b[39m                                         \u001b[31m\u001b[1m^\u001b[22m\u001b[2m\u001b[39m\u001b[22m\n\u001b[2m     \u001b[90m 568 |\u001b[39m     })\u001b[33m;\u001b[39m\u001b[22m\n\u001b[2m     \u001b[90m 569 |\u001b[39m   })\u001b[33m;\u001b[39m\u001b[22m\n\u001b[2m     \u001b[90m 570 |\u001b[39m\u001b[0m\u001b[22m\n\u001b[2m\u001b[22m\n\u001b[2m      \u001b[2mat Object.<anonymous> (\u001b[22m\u001b[2m\u001b[0m\u001b[36msrc/tests/cache-system.test.js\u001b[39m\u001b[0m\u001b[2m:567:41)\u001b[22m\u001b[2m\u001b[22m\n\n\u001b[1m\u001b[31m  \u001b[1m● \u001b[22m\u001b[1mAlignME Redis Cache System › Performance › should improve response times with caching\u001b[39m\u001b[22m\n\n    \u001b[2mexpect(\u001b[22m\u001b[31mreceived\u001b[39m\u001b[2m).\u001b[22mtoBe\u001b[2m(\u001b[22m\u001b[32mexpected\u001b[39m\u001b[2m) // Object.is equality\u001b[22m\n\n    Expected: \u001b[32m\"HIT\"\u001b[39m\n    Received: \u001b[31m\"MISS\"\u001b[39m\n\u001b[2m\u001b[22m\n\u001b[2m    \u001b[0m \u001b[90m 652 |\u001b[39m       \u001b[36mconst\u001b[39m duration2 \u001b[33m=\u001b[39m \u001b[33mDate\u001b[39m\u001b[33m.\u001b[39mnow() \u001b[33m-\u001b[39m start2\u001b[33m;\u001b[39m\u001b[22m\n\u001b[2m     \u001b[90m 653 |\u001b[39m\u001b[22m\n\u001b[2m    \u001b[31m\u001b[1m>\u001b[22m\u001b[2m\u001b[39m\u001b[90m 654 |\u001b[39m       expect(response2\u001b[33m.\u001b[39mheaders[\u001b[32m'x-cache'\u001b[39m])\u001b[33m.\u001b[39mtoBe(\u001b[32m'HIT'\u001b[39m)\u001b[33m;\u001b[39m\u001b[22m\n\u001b[2m     \u001b[90m     |\u001b[39m                                            \u001b[31m\u001b[1m^\u001b[22m\u001b[2m\u001b[39m\u001b[22m\n\u001b[2m     \u001b[90m 655 |\u001b[39m       expect(duration2)\u001b[33m.\u001b[39mtoBeLessThan(duration1)\u001b[33m;\u001b[39m \u001b[90m// Cached request should be faster\u001b[39m\u001b[22m\n\u001b[2m     \u001b[90m 656 |\u001b[39m       expect(handlerCallCount)\u001b[33m.\u001b[39mtoBe(\u001b[35m1\u001b[39m)\u001b[33m;\u001b[39m \u001b[90m// Handler called only once\u001b[39m\u001b[22m\n\u001b[2m     \u001b[90m 657 |\u001b[39m     })\u001b[33m;\u001b[39m\u001b[0m\u001b[22m\n\u001b[2m\u001b[22m\n\u001b[2m      \u001b[2mat Object.<anonymous> (\u001b[22m\u001b[2m\u001b[0m\u001b[36msrc/tests/cache-system.test.js\u001b[39m\u001b[0m\u001b[2m:654:44)\u001b[22m\u001b[2m\u001b[22m\n\n\u001b[1m\u001b[31m  \u001b[1m● \u001b[22m\u001b[1mAlignME Redis Cache System › Performance › should handle concurrent requests efficiently\u001b[39m\u001b[22m\n\n    \u001b[2mexpect(\u001b[22m\u001b[31mreceived\u001b[39m\u001b[2m).\u001b[22mtoBeLessThanOrEqual\u001b[2m(\u001b[22m\u001b[32mexpected\u001b[39m\u001b[2m)\u001b[22m\n\n    Expected: <= \u001b[32m2\u001b[39m\n    Received:    \u001b[31m5\u001b[39m\n\u001b[2m\u001b[22m\n\u001b[2m    \u001b[0m \u001b[90m 686 |\u001b[39m       \u001b[90m// With proper caching, database should be called only once\u001b[39m\u001b[22m\n\u001b[2m     \u001b[90m 687 |\u001b[39m       \u001b[90m// (though some concurrent requests might hit database due to timing)\u001b[39m\u001b[22m\n\u001b[2m    \u001b[31m\u001b[1m>\u001b[22m\u001b[2m\u001b[39m\u001b[90m 688 |\u001b[39m       expect(dbCallCount)\u001b[33m.\u001b[39mtoBeLessThanOrEqual(\u001b[35m2\u001b[39m)\u001b[33m;\u001b[39m\u001b[22m\n\u001b[2m     \u001b[90m     |\u001b[39m                           \u001b[31m\u001b[1m^\u001b[22m\u001b[2m\u001b[39m\u001b[22m\n\u001b[2m     \u001b[90m 689 |\u001b[39m     })\u001b[33m;\u001b[39m\u001b[22m\n\u001b[2m     \u001b[90m 690 |\u001b[39m   })\u001b[33m;\u001b[39m\u001b[22m\n\u001b[2m     \u001b[90m 691 |\u001b[39m })\u001b[33m;\u001b[39m\u001b[0m\u001b[22m\n\u001b[2m\u001b[22m\n\u001b[2m      \u001b[2mat Object.<anonymous> (\u001b[22m\u001b[2m\u001b[0m\u001b[36msrc/tests/cache-system.test.js\u001b[39m\u001b[0m\u001b[2m:688:27)\u001b[22m\u001b[2m\u001b[22m\n","name":"C:\\Users\\Pc\\Desktop\\Ugurcan\\AlingME\\src\\tests\\cache-system.test.js","startTime":1754669840473,"status":"failed","summary":""},{"assertionResults":[{"ancestorTitles":["Jobs Routes","GET /api/jobs"],"duration":1,"failureDetails":[{}],"failureMessages":["\u001b[1m\u001b[31mJest encountered an unexpected token\u001b[39m\u001b[22m\n\nJest failed to parse a file. This happens e.g. when your code or its dependencies use non-standard JavaScript syntax, or when Jest is not configured to support such syntax.\n\nOut of the box Jest supports Babel, which will be used to transform your files into valid JS based on your Babel configuration.\n\nBy default \"node_modules\" folder is ignored by transformers.\n\nHere's what you can do:\n • If you are trying to use ECMAScript Modules, see \u001b[4mhttps://jestjs.io/docs/ecmascript-modules\u001b[24m for how to enable it.\n • If you are trying to use TypeScript, see \u001b[4mhttps://jestjs.io/docs/getting-started#using-typescript\u001b[24m\n • To have some of your \"node_modules\" files transformed, you can specify a custom \u001b[1m\"transformIgnorePatterns\"\u001b[22m in your config.\n • If you need a custom transformation specify a \u001b[1m\"transform\"\u001b[22m option in your config.\n • If you simply want to mock your non-JS modules (e.g. binary assets) you can stub them out with the \u001b[1m\"moduleNameMapper\"\u001b[22m config option.\n\nYou'll find more details and examples of these config options in the docs:\n\u001b[36mhttps://jestjs.io/docs/configuration\u001b[39m\nFor information about custom transformations, see:\n\u001b[36mhttps://jestjs.io/docs/code-transformation\u001b[39m\n\n\u001b[1m\u001b[31mDetails:\u001b[39m\u001b[22m\n\nC:\\Users\\Pc\\Desktop\\Ugurcan\\AlingME\\server.js:22\nawait environment_js_1.default.initialize();\n^^^^^\n\nSyntaxError: await is only valid in async functions and the top level bodies of modules\n    at new Script (node:vm:117:7)\n    at Runtime.createScriptFromCode (C:\\Users\\Pc\\Desktop\\Ugurcan\\AlingME\\node_modules\\jest-runtime\\build\\index.js:1505:14)\n    at Runtime._execModule (C:\\Users\\Pc\\Desktop\\Ugurcan\\AlingME\\node_modules\\jest-runtime\\build\\index.js:1399:25)\n    at Runtime._loadModule (C:\\Users\\Pc\\Desktop\\Ugurcan\\AlingME\\node_modules\\jest-runtime\\build\\index.js:1022:12)\n    at Runtime.requireModule (C:\\Users\\Pc\\Desktop\\Ugurcan\\AlingME\\node_modules\\jest-runtime\\build\\index.js:882:12)\n    at Runtime.requireModuleOrMock (C:\\Users\\Pc\\Desktop\\Ugurcan\\AlingME\\node_modules\\jest-runtime\\build\\index.js:1048:21)\n    at C:\\Users\\Pc\\Desktop\\Ugurcan\\AlingME\\src\\tests\\jobs.test.js:23:33\n    at Object.<anonymous> (C:\\Users\\Pc\\Desktop\\Ugurcan\\AlingME\\src\\tests\\jobs.test.js:23:33)"],"fullName":"Jobs Routes GET /api/jobs should return paginated list of jobs","invocations":1,"location":{"column":5,"line":60},"numPassingAsserts":0,"retryReasons":[],"status":"failed","title":"should return paginated list of jobs"},{"ancestorTitles":["Jobs Routes","GET /api/jobs"],"duration":1,"failureDetails":[{}],"failureMessages":["\u001b[1m\u001b[31mJest encountered an unexpected token\u001b[39m\u001b[22m\n\nJest failed to parse a file. This happens e.g. when your code or its dependencies use non-standard JavaScript syntax, or when Jest is not configured to support such syntax.\n\nOut of the box Jest supports Babel, which will be used to transform your files into valid JS based on your Babel configuration.\n\nBy default \"node_modules\" folder is ignored by transformers.\n\nHere's what you can do:\n • If you are trying to use ECMAScript Modules, see \u001b[4mhttps://jestjs.io/docs/ecmascript-modules\u001b[24m for how to enable it.\n • If you are trying to use TypeScript, see \u001b[4mhttps://jestjs.io/docs/getting-started#using-typescript\u001b[24m\n • To have some of your \"node_modules\" files transformed, you can specify a custom \u001b[1m\"transformIgnorePatterns\"\u001b[22m in your config.\n • If you need a custom transformation specify a \u001b[1m\"transform\"\u001b[22m option in your config.\n • If you simply want to mock your non-JS modules (e.g. binary assets) you can stub them out with the \u001b[1m\"moduleNameMapper\"\u001b[22m config option.\n\nYou'll find more details and examples of these config options in the docs:\n\u001b[36mhttps://jestjs.io/docs/configuration\u001b[39m\nFor information about custom transformations, see:\n\u001b[36mhttps://jestjs.io/docs/code-transformation\u001b[39m\n\n\u001b[1m\u001b[31mDetails:\u001b[39m\u001b[22m\n\nC:\\Users\\Pc\\Desktop\\Ugurcan\\AlingME\\server.js:22\nawait environment_js_1.default.initialize();\n^^^^^\n\nSyntaxError: await is only valid in async functions and the top level bodies of modules\n    at new Script (node:vm:117:7)\n    at Runtime.createScriptFromCode (C:\\Users\\Pc\\Desktop\\Ugurcan\\AlingME\\node_modules\\jest-runtime\\build\\index.js:1505:14)\n    at Runtime._execModule (C:\\Users\\Pc\\Desktop\\Ugurcan\\AlingME\\node_modules\\jest-runtime\\build\\index.js:1399:25)\n    at Runtime._loadModule (C:\\Users\\Pc\\Desktop\\Ugurcan\\AlingME\\node_modules\\jest-runtime\\build\\index.js:1022:12)\n    at Runtime.requireModule (C:\\Users\\Pc\\Desktop\\Ugurcan\\AlingME\\node_modules\\jest-runtime\\build\\index.js:882:12)\n    at Runtime.requireModuleOrMock (C:\\Users\\Pc\\Desktop\\Ugurcan\\AlingME\\node_modules\\jest-runtime\\build\\index.js:1048:21)\n    at C:\\Users\\Pc\\Desktop\\Ugurcan\\AlingME\\src\\tests\\jobs.test.js:23:33\n    at Object.<anonymous> (C:\\Users\\Pc\\Desktop\\Ugurcan\\AlingME\\src\\tests\\jobs.test.js:23:33)"],"fullName":"Jobs Routes GET /api/jobs should filter jobs by location","invocations":1,"location":{"column":5,"line":71},"numPassingAsserts":0,"retryReasons":[],"status":"failed","title":"should filter jobs by location"},{"ancestorTitles":["Jobs Routes","GET /api/jobs"],"duration":0,"failureDetails":[{}],"failureMessages":["\u001b[1m\u001b[31mJest encountered an unexpected token\u001b[39m\u001b[22m\n\nJest failed to parse a file. This happens e.g. when your code or its dependencies use non-standard JavaScript syntax, or when Jest is not configured to support such syntax.\n\nOut of the box Jest supports Babel, which will be used to transform your files into valid JS based on your Babel configuration.\n\nBy default \"node_modules\" folder is ignored by transformers.\n\nHere's what you can do:\n • If you are trying to use ECMAScript Modules, see \u001b[4mhttps://jestjs.io/docs/ecmascript-modules\u001b[24m for how to enable it.\n • If you are trying to use TypeScript, see \u001b[4mhttps://jestjs.io/docs/getting-started#using-typescript\u001b[24m\n • To have some of your \"node_modules\" files transformed, you can specify a custom \u001b[1m\"transformIgnorePatterns\"\u001b[22m in your config.\n • If you need a custom transformation specify a \u001b[1m\"transform\"\u001b[22m option in your config.\n • If you simply want to mock your non-JS modules (e.g. binary assets) you can stub them out with the \u001b[1m\"moduleNameMapper\"\u001b[22m config option.\n\nYou'll find more details and examples of these config options in the docs:\n\u001b[36mhttps://jestjs.io/docs/configuration\u001b[39m\nFor information about custom transformations, see:\n\u001b[36mhttps://jestjs.io/docs/code-transformation\u001b[39m\n\n\u001b[1m\u001b[31mDetails:\u001b[39m\u001b[22m\n\nC:\\Users\\Pc\\Desktop\\Ugurcan\\AlingME\\server.js:22\nawait environment_js_1.default.initialize();\n^^^^^\n\nSyntaxError: await is only valid in async functions and the top level bodies of modules\n    at new Script (node:vm:117:7)\n    at Runtime.createScriptFromCode (C:\\Users\\Pc\\Desktop\\Ugurcan\\AlingME\\node_modules\\jest-runtime\\build\\index.js:1505:14)\n    at Runtime._execModule (C:\\Users\\Pc\\Desktop\\Ugurcan\\AlingME\\node_modules\\jest-runtime\\build\\index.js:1399:25)\n    at Runtime._loadModule (C:\\Users\\Pc\\Desktop\\Ugurcan\\AlingME\\node_modules\\jest-runtime\\build\\index.js:1022:12)\n    at Runtime.requireModule (C:\\Users\\Pc\\Desktop\\Ugurcan\\AlingME\\node_modules\\jest-runtime\\build\\index.js:882:12)\n    at Runtime.requireModuleOrMock (C:\\Users\\Pc\\Desktop\\Ugurcan\\AlingME\\node_modules\\jest-runtime\\build\\index.js:1048:21)\n    at C:\\Users\\Pc\\Desktop\\Ugurcan\\AlingME\\src\\tests\\jobs.test.js:23:33\n    at Object.<anonymous> (C:\\Users\\Pc\\Desktop\\Ugurcan\\AlingME\\src\\tests\\jobs.test.js:23:33)"],"fullName":"Jobs Routes GET /api/jobs should filter jobs by job type","invocations":1,"location":{"column":5,"line":82},"numPassingAsserts":0,"retryReasons":[],"status":"failed","title":"should filter jobs by job type"},{"ancestorTitles":["Jobs Routes","GET /api/jobs"],"duration":1,"failureDetails":[{}],"failureMessages":["\u001b[1m\u001b[31mJest encountered an unexpected token\u001b[39m\u001b[22m\n\nJest failed to parse a file. This happens e.g. when your code or its dependencies use non-standard JavaScript syntax, or when Jest is not configured to support such syntax.\n\nOut of the box Jest supports Babel, which will be used to transform your files into valid JS based on your Babel configuration.\n\nBy default \"node_modules\" folder is ignored by transformers.\n\nHere's what you can do:\n • If you are trying to use ECMAScript Modules, see \u001b[4mhttps://jestjs.io/docs/ecmascript-modules\u001b[24m for how to enable it.\n • If you are trying to use TypeScript, see \u001b[4mhttps://jestjs.io/docs/getting-started#using-typescript\u001b[24m\n • To have some of your \"node_modules\" files transformed, you can specify a custom \u001b[1m\"transformIgnorePatterns\"\u001b[22m in your config.\n • If you need a custom transformation specify a \u001b[1m\"transform\"\u001b[22m option in your config.\n • If you simply want to mock your non-JS modules (e.g. binary assets) you can stub them out with the \u001b[1m\"moduleNameMapper\"\u001b[22m config option.\n\nYou'll find more details and examples of these config options in the docs:\n\u001b[36mhttps://jestjs.io/docs/configuration\u001b[39m\nFor information about custom transformations, see:\n\u001b[36mhttps://jestjs.io/docs/code-transformation\u001b[39m\n\n\u001b[1m\u001b[31mDetails:\u001b[39m\u001b[22m\n\nC:\\Users\\Pc\\Desktop\\Ugurcan\\AlingME\\server.js:22\nawait environment_js_1.default.initialize();\n^^^^^\n\nSyntaxError: await is only valid in async functions and the top level bodies of modules\n    at new Script (node:vm:117:7)\n    at Runtime.createScriptFromCode (C:\\Users\\Pc\\Desktop\\Ugurcan\\AlingME\\node_modules\\jest-runtime\\build\\index.js:1505:14)\n    at Runtime._execModule (C:\\Users\\Pc\\Desktop\\Ugurcan\\AlingME\\node_modules\\jest-runtime\\build\\index.js:1399:25)\n    at Runtime._loadModule (C:\\Users\\Pc\\Desktop\\Ugurcan\\AlingME\\node_modules\\jest-runtime\\build\\index.js:1022:12)\n    at Runtime.requireModule (C:\\Users\\Pc\\Desktop\\Ugurcan\\AlingME\\node_modules\\jest-runtime\\build\\index.js:882:12)\n    at Runtime.requireModuleOrMock (C:\\Users\\Pc\\Desktop\\Ugurcan\\AlingME\\node_modules\\jest-runtime\\build\\index.js:1048:21)\n    at C:\\Users\\Pc\\Desktop\\Ugurcan\\AlingME\\src\\tests\\jobs.test.js:23:33\n    at Object.<anonymous> (C:\\Users\\Pc\\Desktop\\Ugurcan\\AlingME\\src\\tests\\jobs.test.js:23:33)"],"fullName":"Jobs Routes GET /api/jobs should search jobs by title and description","invocations":1,"location":{"column":5,"line":93},"numPassingAsserts":0,"retryReasons":[],"status":"failed","title":"should search jobs by title and description"},{"ancestorTitles":["Jobs Routes","GET /api/jobs"],"duration":0,"failureDetails":[{}],"failureMessages":["\u001b[1m\u001b[31mJest encountered an unexpected token\u001b[39m\u001b[22m\n\nJest failed to parse a file. This happens e.g. when your code or its dependencies use non-standard JavaScript syntax, or when Jest is not configured to support such syntax.\n\nOut of the box Jest supports Babel, which will be used to transform your files into valid JS based on your Babel configuration.\n\nBy default \"node_modules\" folder is ignored by transformers.\n\nHere's what you can do:\n • If you are trying to use ECMAScript Modules, see \u001b[4mhttps://jestjs.io/docs/ecmascript-modules\u001b[24m for how to enable it.\n • If you are trying to use TypeScript, see \u001b[4mhttps://jestjs.io/docs/getting-started#using-typescript\u001b[24m\n • To have some of your \"node_modules\" files transformed, you can specify a custom \u001b[1m\"transformIgnorePatterns\"\u001b[22m in your config.\n • If you need a custom transformation specify a \u001b[1m\"transform\"\u001b[22m option in your config.\n • If you simply want to mock your non-JS modules (e.g. binary assets) you can stub them out with the \u001b[1m\"moduleNameMapper\"\u001b[22m config option.\n\nYou'll find more details and examples of these config options in the docs:\n\u001b[36mhttps://jestjs.io/docs/configuration\u001b[39m\nFor information about custom transformations, see:\n\u001b[36mhttps://jestjs.io/docs/code-transformation\u001b[39m\n\n\u001b[1m\u001b[31mDetails:\u001b[39m\u001b[22m\n\nC:\\Users\\Pc\\Desktop\\Ugurcan\\AlingME\\server.js:22\nawait environment_js_1.default.initialize();\n^^^^^\n\nSyntaxError: await is only valid in async functions and the top level bodies of modules\n    at new Script (node:vm:117:7)\n    at Runtime.createScriptFromCode (C:\\Users\\Pc\\Desktop\\Ugurcan\\AlingME\\node_modules\\jest-runtime\\build\\index.js:1505:14)\n    at Runtime._execModule (C:\\Users\\Pc\\Desktop\\Ugurcan\\AlingME\\node_modules\\jest-runtime\\build\\index.js:1399:25)\n    at Runtime._loadModule (C:\\Users\\Pc\\Desktop\\Ugurcan\\AlingME\\node_modules\\jest-runtime\\build\\index.js:1022:12)\n    at Runtime.requireModule (C:\\Users\\Pc\\Desktop\\Ugurcan\\AlingME\\node_modules\\jest-runtime\\build\\index.js:882:12)\n    at Runtime.requireModuleOrMock (C:\\Users\\Pc\\Desktop\\Ugurcan\\AlingME\\node_modules\\jest-runtime\\build\\index.js:1048:21)\n    at C:\\Users\\Pc\\Desktop\\Ugurcan\\AlingME\\src\\tests\\jobs.test.js:23:33\n    at Object.<anonymous> (C:\\Users\\Pc\\Desktop\\Ugurcan\\AlingME\\src\\tests\\jobs.test.js:23:33)"],"fullName":"Jobs Routes GET /api/jobs should sort jobs by different criteria","invocations":1,"location":{"column":5,"line":104},"numPassingAsserts":0,"retryReasons":[],"status":"failed","title":"should sort jobs by different criteria"},{"ancestorTitles":["Jobs Routes","GET /api/jobs"],"duration":0,"failureDetails":[{}],"failureMessages":["\u001b[1m\u001b[31mJest encountered an unexpected token\u001b[39m\u001b[22m\n\nJest failed to parse a file. This happens e.g. when your code or its dependencies use non-standard JavaScript syntax, or when Jest is not configured to support such syntax.\n\nOut of the box Jest supports Babel, which will be used to transform your files into valid JS based on your Babel configuration.\n\nBy default \"node_modules\" folder is ignored by transformers.\n\nHere's what you can do:\n • If you are trying to use ECMAScript Modules, see \u001b[4mhttps://jestjs.io/docs/ecmascript-modules\u001b[24m for how to enable it.\n • If you are trying to use TypeScript, see \u001b[4mhttps://jestjs.io/docs/getting-started#using-typescript\u001b[24m\n • To have some of your \"node_modules\" files transformed, you can specify a custom \u001b[1m\"transformIgnorePatterns\"\u001b[22m in your config.\n • If you need a custom transformation specify a \u001b[1m\"transform\"\u001b[22m option in your config.\n • If you simply want to mock your non-JS modules (e.g. binary assets) you can stub them out with the \u001b[1m\"moduleNameMapper\"\u001b[22m config option.\n\nYou'll find more details and examples of these config options in the docs:\n\u001b[36mhttps://jestjs.io/docs/configuration\u001b[39m\nFor information about custom transformations, see:\n\u001b[36mhttps://jestjs.io/docs/code-transformation\u001b[39m\n\n\u001b[1m\u001b[31mDetails:\u001b[39m\u001b[22m\n\nC:\\Users\\Pc\\Desktop\\Ugurcan\\AlingME\\server.js:22\nawait environment_js_1.default.initialize();\n^^^^^\n\nSyntaxError: await is only valid in async functions and the top level bodies of modules\n    at new Script (node:vm:117:7)\n    at Runtime.createScriptFromCode (C:\\Users\\Pc\\Desktop\\Ugurcan\\AlingME\\node_modules\\jest-runtime\\build\\index.js:1505:14)\n    at Runtime._execModule (C:\\Users\\Pc\\Desktop\\Ugurcan\\AlingME\\node_modules\\jest-runtime\\build\\index.js:1399:25)\n    at Runtime._loadModule (C:\\Users\\Pc\\Desktop\\Ugurcan\\AlingME\\node_modules\\jest-runtime\\build\\index.js:1022:12)\n    at Runtime.requireModule (C:\\Users\\Pc\\Desktop\\Ugurcan\\AlingME\\node_modules\\jest-runtime\\build\\index.js:882:12)\n    at Runtime.requireModuleOrMock (C:\\Users\\Pc\\Desktop\\Ugurcan\\AlingME\\node_modules\\jest-runtime\\build\\index.js:1048:21)\n    at C:\\Users\\Pc\\Desktop\\Ugurcan\\AlingME\\src\\tests\\jobs.test.js:23:33\n    at Object.<anonymous> (C:\\Users\\Pc\\Desktop\\Ugurcan\\AlingME\\src\\tests\\jobs.test.js:23:33)"],"fullName":"Jobs Routes GET /api/jobs should handle pagination parameters","invocations":1,"location":{"column":5,"line":115},"numPassingAsserts":0,"retryReasons":[],"status":"failed","title":"should handle pagination parameters"},{"ancestorTitles":["Jobs Routes","GET /api/jobs"],"duration":
[...]
base Connection and Models"],"duration":1,"failureDetails":[],"failureMessages":[],"fullName":"🎯 AlignME Portfolio Service - Database Integration 🗄️ Database Connection and Models should establish database connection","invocations":1,"location":{"column":5,"line":114},"numPassingAsserts":0,"retryReasons":[],"status":"passed","title":"should establish database connection"},{"ancestorTitles":["🎯 AlignME Portfolio Service - Database Integration","🗄️ Database Connection and Models"],"duration":2,"failureDetails":[],"failureMessages":[],"fullName":"🎯 AlignME Portfolio Service - Database Integration 🗄️ Database Connection and Models should have required error classes","invocations":1,"location":{"column":5,"line":124},"numPassingAsserts":3,"retryReasons":[],"status":"passed","title":"should have required error classes"},{"ancestorTitles":["🎯 AlignME Portfolio Service - Database Integration","🗄️ Database Connection and Models"],"duration":0,"failureDetails":[],"failureMessages":[],"fullName":"🎯 AlignME Portfolio Service - Database Integration 🗄️ Database Connection and Models should have Portfolio model if available","invocations":1,"location":{"column":5,"line":130},"numPassingAsserts":0,"retryReasons":[],"status":"passed","title":"should have Portfolio model if available"},{"ancestorTitles":["🎯 AlignME Portfolio Service - Database Integration","🗄️ Database Connection and Models"],"duration":0,"failureDetails":[],"failureMessages":[],"fullName":"🎯 AlignME Portfolio Service - Database Integration 🗄️ Database Connection and Models should have Project model if available","invocations":1,"location":{"column":5,"line":138},"numPassingAsserts":0,"retryReasons":[],"status":"passed","title":"should have Project model if available"},{"ancestorTitles":["🎯 AlignME Portfolio Service - Database Integration","⚠️ Error Handling"],"duration":3,"failureDetails":[],"failureMessages":[],"fullName":"🎯 AlignME Portfolio Service - Database Integration ⚠️ Error Handling should handle validation errors properly","invocations":1,"location":{"column":5,"line":148},"numPassingAsserts":2,"retryReasons":[],"status":"passed","title":"should handle validation errors properly"},{"ancestorTitles":["🎯 AlignME Portfolio Service - Database Integration","⚠️ Error Handling"],"duration":1,"failureDetails":[],"failureMessages":[],"fullName":"🎯 AlignME Portfolio Service - Database Integration ⚠️ Error Handling should have correct error codes","invocations":1,"location":{"column":5,"line":164},"numPassingAsserts":3,"retryReasons":[],"status":"passed","title":"should have correct error codes"},{"ancestorTitles":["🎯 AlignME Portfolio Service - Database Integration","🔧 Service Availability"],"duration":1,"failureDetails":[],"failureMessages":[],"fullName":"🎯 AlignME Portfolio Service - Database Integration 🔧 Service Availability should check if PortfolioService is available","invocations":1,"location":{"column":5,"line":172},"numPassingAsserts":0,"retryReasons":[],"status":"passed","title":"should check if PortfolioService is available"},{"ancestorTitles":["🎯 AlignME Portfolio Service - Database Integration","📊 Portfolio Service Operations"],"duration":0,"failureDetails":[],"failureMessages":[],"fullName":"🎯 AlignME Portfolio Service - Database Integration 📊 Portfolio Service Operations should have required service methods","invocations":1,"location":{"column":5,"line":183},"numPassingAsserts":0,"retryReasons":[],"status":"passed","title":"should have required service methods"},{"ancestorTitles":["🎯 AlignME Portfolio Service - Database Integration","📊 Portfolio Service Operations"],"duration":3,"failureDetails":[],"failureMessages":[],"fullName":"🎯 AlignME Portfolio Service - Database Integration 📊 Portfolio Service Operations should handle portfolio creation validation","invocations":1,"location":{"column":5,"line":200},"numPassingAsserts":1,"retryReasons":[],"status":"passed","title":"should handle portfolio creation validation"},{"ancestorTitles":["🎯 AlignME Portfolio Service - Database Integration","🔄 Transaction Support"],"duration":1,"failureDetails":[],"failureMessages":[],"fullName":"🎯 AlignME Portfolio Service - Database Integration 🔄 Transaction Support should support database transactions","invocations":1,"location":{"column":5,"line":217},"numPassingAsserts":0,"retryReasons":[],"status":"passed","title":"should support database transactions"},{"ancestorTitles":["🎯 AlignME Portfolio Service - Database Integration","🔄 Transaction Support"],"duration":1,"failureDetails":[],"failureMessages":[],"fullName":"🎯 AlignME Portfolio Service - Database Integration 🔄 Transaction Support should handle transaction rollback","invocations":1,"location":{"column":5,"line":230},"numPassingAsserts":0,"retryReasons":[],"status":"passed","title":"should handle transaction rollback"},{"ancestorTitles":["🎯 AlignME Portfolio Service - Database Integration","🧪 Mock Service Tests"],"duration":2,"failureDetails":[],"failureMessages":[],"fullName":"🎯 AlignME Portfolio Service - Database Integration 🧪 Mock Service Tests should create mock portfolio data structure","invocations":1,"location":{"column":5,"line":249},"numPassingAsserts":5,"retryReasons":[],"status":"passed","title":"should create mock portfolio data structure"},{"ancestorTitles":["🎯 AlignME Portfolio Service - Database Integration","🧪 Mock Service Tests"],"duration":1,"failureDetails":[],"failureMessages":[],"fullName":"🎯 AlignME Portfolio Service - Database Integration 🧪 Mock Service Tests should create mock project data structure","invocations":1,"location":{"column":5,"line":264},"numPassingAsserts":6,"retryReasons":[],"status":"passed","title":"should create mock project data structure"},{"ancestorTitles":["🎯 AlignME Portfolio Service - Database Integration","🧪 Mock Service Tests"],"duration":1,"failureDetails":[],"failureMessages":[],"fullName":"🎯 AlignME Portfolio Service - Database Integration 🧪 Mock Service Tests should validate project data structure","invocations":1,"location":{"column":5,"line":281},"numPassingAsserts":1,"retryReasons":[],"status":"passed","title":"should validate project data structure"},{"ancestorTitles":["🎯 AlignME Portfolio Service - Database Integration","🧪 Mock Service Tests"],"duration":1,"failureDetails":[],"failureMessages":[],"fullName":"🎯 AlignME Portfolio Service - Database Integration 🧪 Mock Service Tests should fail validation for invalid project data","invocations":1,"location":{"column":5,"line":299},"numPassingAsserts":1,"retryReasons":[],"status":"passed","title":"should fail validation for invalid project data"}],"endTime":1754669849728,"message":"","name":"C:\\Users\\Pc\\Desktop\\Ugurcan\\AlingME\\src\\services\\__tests__\\portfolioService.test.js","startTime":1754669847921,"status":"passed","summary":""},{"assertionResults":[],"coverage":{},"endTime":1754669852798,"message":"  \u001b[1m● \u001b[22mTest suite failed to run\n\n    Please install sqlite3 package manually\n\n    \u001b[0m \u001b[90m 56 |\u001b[39m \u001b[36mif\u001b[39m (process\u001b[33m.\u001b[39menv\u001b[33m.\u001b[39m\u001b[33mDATABASE_URL\u001b[39m) {\n     \u001b[90m 57 |\u001b[39m   \u001b[90m// When using a URL, Sequelize infers dialect from the scheme\u001b[39m\n    \u001b[31m\u001b[1m>\u001b[22m\u001b[39m\u001b[90m 58 |\u001b[39m   sequelizeInstance \u001b[33m=\u001b[39m \u001b[36mnew\u001b[39m \u001b[33mSequelize\u001b[39m(process\u001b[33m.\u001b[39menv\u001b[33m.\u001b[39m\u001b[33mDATABASE_URL\u001b[39m\u001b[33m,\u001b[39m {\n     \u001b[90m    |\u001b[39m                       \u001b[31m\u001b[1m^\u001b[22m\u001b[39m\n     \u001b[90m 59 |\u001b[39m     logging\u001b[33m:\u001b[39m dbConfig\u001b[33m.\u001b[39mlogging\u001b[33m,\u001b[39m\n     \u001b[90m 60 |\u001b[39m     define\u001b[33m:\u001b[39m dbConfig\u001b[33m.\u001b[39mdefine\u001b[33m,\u001b[39m\n     \u001b[90m 61 |\u001b[39m   })\u001b[33m;\u001b[39m\u001b[0m\n\n      \u001b[2mat ConnectionManager._loadDialectModule (\u001b[22mnode_modules/sequelize/src/dialects/abstract/connection-manager.js\u001b[2m:81:15)\u001b[22m\n      \u001b[2mat new ConnectionManager (\u001b[22mnode_modules/sequelize/src/dialects/sqlite/connection-manager.js\u001b[2m:24:21)\u001b[22m\n      \u001b[2mat new SqliteDialect (\u001b[22mnode_modules/sequelize/src/dialects/sqlite/index.js\u001b[2m:15:30)\u001b[22m\n      \u001b[2mat new Sequelize (\u001b[22mnode_modules/sequelize/src/sequelize.js\u001b[2m:368:20)\u001b[22m\n      \u001b[2mat Object.<anonymous> (\u001b[22msrc/config/database.js\u001b[2m:58:23)\u001b[22m\n      \u001b[2mat Object.<anonymous> (\u001b[22msrc/services/collaborationService.js\u001b[2m:4:1)\u001b[22m\n      \u001b[2mat Object.<anonymous> (\u001b[22m\u001b[0m\u001b[36msrc/tests/services/collaborationService.test.js\u001b[39m\u001b[0m\u001b[2m:7:1)\u001b[22m\n","name":"C:\\Users\\Pc\\Desktop\\Ugurcan\\AlingME\\src\\tests\\services\\collaborationService.test.js","startTime":1754669852798,"status":"failed","summary":""},{"assertionResults":[],"coverage":{},"endTime":1754669852798,"message":"  \u001b[1m● \u001b[22mTest suite failed to run\n\n    Cannot find module '../middleware/ownership.js' from 'src/routes/profileEnhancement.js'\n\n    Require stack:\n      src/routes/profileEnhancement.js\n      src/tests/integration/portfolioEnhancement.integration.test.js\n\n    \u001b[0m \u001b[90m 4 |\u001b[39m \u001b[36mimport\u001b[39m express \u001b[36mfrom\u001b[39m \u001b[32m'express'\u001b[39m\u001b[33m;\u001b[39m\n     \u001b[90m 5 |\u001b[39m \u001b[36mimport\u001b[39m { authenticate } \u001b[36mfrom\u001b[39m \u001b[32m'../middleware/auth.js'\u001b[39m\u001b[33m;\u001b[39m\n    \u001b[31m\u001b[1m>\u001b[22m\u001b[39m\u001b[90m 6 |\u001b[39m \u001b[36mimport\u001b[39m { verifyProfileOwnership\u001b[33m,\u001b[39m verifyPortfolioOwnership } \u001b[36mfrom\u001b[39m \u001b[32m'../middleware/ownership.js'\u001b[39m\u001b[33m;\u001b[39m\n     \u001b[90m   |\u001b[39m \u001b[31m\u001b[1m^\u001b[22m\u001b[39m\n     \u001b[90m 7 |\u001b[39m \u001b[36mimport\u001b[39m { acl } \u001b[36mfrom\u001b[39m \u001b[32m'../middleware/permissions.js'\u001b[39m\u001b[33m;\u001b[39m\n     \u001b[90m 8 |\u001b[39m \u001b[36mimport\u001b[39m { \u001b[33mProfileEnhancementService\u001b[39m } \u001b[36mfrom\u001b[39m \u001b[32m'../services/profileEnhancementService.js'\u001b[39m\u001b[33m;\u001b[39m\n     \u001b[90m 9 |\u001b[39m \u001b[36mimport\u001b[39m { \u001b[33mSkillManagementService\u001b[39m } \u001b[36mfrom\u001b[39m \u001b[32m'../services/skillManagementService.js'\u001b[39m\u001b[33m;\u001b[39m\u001b[0m\n\n      \u001b[2mat Resolver._throwModNotFoundError (\u001b[22mnode_modules/jest-resolve/build/resolver.js\u001b[2m:427:11)\u001b[22m\n      \u001b[2mat Object.<anonymous> (\u001b[22msrc/routes/profileEnhancement.js\u001b[2m:6:1)\u001b[22m\n      \u001b[2mat Object.<anonymous> (\u001b[22m\u001b[0m\u001b[36msrc/tests/integration/portfolioEnhancement.integration.test.js\u001b[39m\u001b[0m\u001b[2m:10:1)\u001b[22m\n","name":"C:\\Users\\Pc\\Desktop\\Ugurcan\\AlingME\\src\\tests\\integration\\portfolioEnhancement.integration.test.js","startTime":1754669852798,"status":"failed","summary":""},{"assertionResults":[],"coverage":{},"endTime":1754669852798,"message":"  \u001b[1m● \u001b[22mTest suite failed to run\n\n    Please install sqlite3 package manually\n\n    \u001b[0m \u001b[90m 56 |\u001b[39m \u001b[36mif\u001b[39m (process\u001b[33m.\u001b[39menv\u001b[33m.\u001b[39m\u001b[33mDATABASE_URL\u001b[39m) {\n     \u001b[90m 57 |\u001b[39m   \u001b[90m// When using a URL, Sequelize infers dialect from the scheme\u001b[39m\n    \u001b[31m\u001b[1m>\u001b[22m\u001b[39m\u001b[90m 58 |\u001b[39m   sequelizeInstance \u001b[33m=\u001b[39m \u001b[36mnew\u001b[39m \u001b[33mSequelize\u001b[39m(process\u001b[33m.\u001b[39menv\u001b[33m.\u001b[39m\u001b[33mDATABASE_URL\u001b[39m\u001b[33m,\u001b[39m {\n     \u001b[90m    |\u001b[39m                       \u001b[31m\u001b[1m^\u001b[22m\u001b[39m\n     \u001b[90m 59 |\u001b[39m     logging\u001b[33m:\u001b[39m dbConfig\u001b[33m.\u001b[39mlogging\u001b[33m,\u001b[39m\n     \u001b[90m 60 |\u001b[39m     define\u001b[33m:\u001b[39m dbConfig\u001b[33m.\u001b[39mdefine\u001b[33m,\u001b[39m\n     \u001b[90m 61 |\u001b[39m   })\u001b[33m;\u001b[39m\u001b[0m\n\n      \u001b[2mat ConnectionManager._loadDialectModule (\u001b[22mnode_modules/sequelize/src/dialects/abstract/connection-manager.js\u001b[2m:81:15)\u001b[22m\n      \u001b[2mat new ConnectionManager (\u001b[22mnode_modules/sequelize/src/dialects/sqlite/connection-manager.js\u001b[2m:24:21)\u001b[22m\n      \u001b[2mat new SqliteDialect (\u001b[22mnode_modules/sequelize/src/dialects/sqlite/index.js\u001b[2m:15:30)\u001b[22m\n      \u001b[2mat new Sequelize (\u001b[22mnode_modules/sequelize/src/sequelize.js\u001b[2m:368:20)\u001b[22m\n      \u001b[2mat Object.<anonymous> (\u001b[22msrc/config/database.js\u001b[2m:58:23)\u001b[22m\n      \u001b[2mat Object.<anonymous> (\u001b[22m\u001b[0m\u001b[36msrc/tests/integration/collaboration.integration.test.js\u001b[39m\u001b[0m\u001b[2m:2:1)\u001b[22m\n","name":"C:\\Users\\Pc\\Desktop\\Ugurcan\\AlingME\\src\\tests\\integration\\collaboration.integration.test.js","startTime":1754669852798,"status":"failed","summary":""},{"assertionResults":[],"coverage":{},"endTime":1754669852798,"message":"  \u001b[1m● \u001b[22mTest suite failed to run\n\n    Please install sqlite3 package manually\n\n    \u001b[0m \u001b[90m 56 |\u001b[39m \u001b[36mif\u001b[39m (process\u001b[33m.\u001b[39menv\u001b[33m.\u001b[39m\u001b[33mDATABASE_URL\u001b[39m) {\n     \u001b[90m 57 |\u001b[39m   \u001b[90m// When using a URL, Sequelize infers dialect from the scheme\u001b[39m\n    \u001b[31m\u001b[1m>\u001b[22m\u001b[39m\u001b[90m 58 |\u001b[39m   sequelizeInstance \u001b[33m=\u001b[39m \u001b[36mnew\u001b[39m \u001b[33mSequelize\u001b[39m(process\u001b[33m.\u001b[39menv\u001b[33m.\u001b[39m\u001b[33mDATABASE_URL\u001b[39m\u001b[33m,\u001b[39m {\n     \u001b[90m    |\u001b[39m                       \u001b[31m\u001b[1m^\u001b[22m\u001b[39m\n     \u001b[90m 59 |\u001b[39m     logging\u001b[33m:\u001b[39m dbConfig\u001b[33m.\u001b[39mlogging\u001b[33m,\u001b[39m\n     \u001b[90m 60 |\u001b[39m     define\u001b[33m:\u001b[39m dbConfig\u001b[33m.\u001b[39mdefine\u001b[33m,\u001b[39m\n     \u001b[90m 61 |\u001b[39m   })\u001b[33m;\u001b[39m\u001b[0m\n\n      \u001b[2mat ConnectionManager._loadDialectModule (\u001b[22mnode_modules/sequelize/src/dialects/abstract/connection-manager.js\u001b[2m:81:15)\u001b[22m\n      \u001b[2mat new ConnectionManager (\u001b[22mnode_modules/sequelize/src/dialects/sqlite/connection-manager.js\u001b[2m:24:21)\u001b[22m\n      \u001b[2mat new SqliteDialect (\u001b[22mnode_modules/sequelize/src/dialects/sqlite/index.js\u001b[2m:15:30)\u001b[22m\n      \u001b[2mat new Sequelize (\u001b[22mnode_modules/sequelize/src/sequelize.js\u001b[2m:368:20)\u001b[22m\n      \u001b[2mat Object.<anonymous> (\u001b[22msrc/config/database.js\u001b[2m:58:23)\u001b[22m\n      \u001b[2mat Object.<anonymous> (\u001b[22msrc/routes/collaborative-review.js\u001b[2m:3:1)\u001b[22m\n      \u001b[2mat Object.<anonymous> (\u001b[22m\u001b[0m\u001b[36msrc/services/__tests__/collaborativeReview.int.test.js\u001b[39m\u001b[0m\u001b[2m:3:1)\u001b[22m\n","name":"C:\\Users\\Pc\\Desktop\\Ugurcan\\AlingME\\src\\services\\__tests__\\collaborativeReview.int.test.js","startTime":1754669852798,"status":"failed","summary":""},{"assertionResults":[],"coverage":{},"endTime":1754669852798,"message":"  \u001b[1m● \u001b[22mTest suite failed to run\n\n    Cannot find module '../src/data/models/User.js' from 'src/tests/auth-security.test.js'\n\n    \u001b[0m \u001b[90m 20 |\u001b[39m\n     \u001b[90m 21 |\u001b[39m \u001b[90m// Mock dependencies\u001b[39m\n    \u001b[31m\u001b[1m>\u001b[22m\u001b[39m\u001b[90m 22 |\u001b[39m jest\u001b[33m.\u001b[39mmock(\u001b[32m'../src/data/models/User.js'\u001b[39m)\u001b[33m;\u001b[39m\n     \u001b[90m    |\u001b[39m      \u001b[31m\u001b[1m^\u001b[22m\u001b[39m\n     \u001b[90m 23 |\u001b[39m jest\u001b[33m.\u001b[39mmock(\u001b[32m'../src/data/models/Project.js'\u001b[39m)\u001b[33m;\u001b[39m\n     \u001b[90m 24 |\u001b[39m jest\u001b[33m.\u001b[39mmock(\u001b[32m'../src/data/models/Portfolio.js'\u001b[39m)\u001b[33m;\u001b[39m\n     \u001b[90m 25 |\u001b[39m jest\u001b[33m.\u001b[39mmock(\u001b[32m'../src/data/models/Collaboration.js'\u001b[39m)\u001b[33m;\u001b[39m\u001b[0m\n\n      \u001b[2mat Resolver._throwModNotFoundError (\u001b[22mnode_modules/jest-resolve/build/resolver.js\u001b[2m:427:11)\u001b[22m\n      \u001b[2mat Object.<anonymous> (\u001b[22m\u001b[0m\u001b[36msrc/tests/auth-security.test.js\u001b[39m\u001b[0m\u001b[2m:22:6)\u001b[22m\n","name":"C:\\Users\\Pc\\Desktop\\Ugurcan\\AlingME\\src\\tests\\auth-security.test.js","startTime":1754669852798,"status":"failed","summary":""},{"assertionResults":[],"coverage":{},"endTime":1754669852798,"message":"  \u001b[1m● \u001b[22mTest suite failed to run\n\n    Cannot find module '../src/data/models/User.js' from 'src/tests/auth-security.test.js'\n\n    Require stack:\n      src/tests/auth-security.test.js\n      src/tests/api-integration.test.js\n\n    \u001b[0m \u001b[90m 20 |\u001b[39m\n     \u001b[90m 21 |\u001b[39m \u001b[90m// Mock dependencies\u001b[39m\n    \u001b[31m\u001b[1m>\u001b[22m\u001b[39m\u001b[90m 22 |\u001b[39m jest\u001b[33m.\u001b[39mmock(\u001b[32m'../src/data/models/User.js'\u001b[39m)\u001b[33m;\u001b[39m\n     \u001b[90m    |\u001b[39m      \u001b[31m\u001b[1m^\u001b[22m\u001b[39m\n     \u001b[90m 23 |\u001b[39m jest\u001b[33m.\u001b[39mmock(\u001b[32m'../src/data/models/Project.js'\u001b[39m)\u001b[33m;\u001b[39m\n     \u001b[90m 24 |\u001b[39m jest\u001b[33m.\u001b[39mmock(\u001b[32m'../src/data/models/Portfolio.js'\u001b[39m)\u001b[33m;\u001b[39m\n     \u001b[90m 25 |\u001b[39m jest\u001b[33m.\u001b[39mmock(\u001b[32m'../src/data/models/Collaboration.js'\u001b[39m)\u001b[33m;\u001b[39m\u001b[0m\n\n      \u001b[2mat Resolver._throwModNotFoundError (\u001b[22mnode_modules/jest-resolve/build/resolver.js\u001b[2m:427:11)\u001b[22m\n      \u001b[2mat Object.<anonymous> (\u001b[22m\u001b[0m\u001b[36msrc/tests/auth-security.test.js\u001b[39m\u001b[0m\u001b[2m:22:6)\u001b[22m\n      \u001b[2mat Object.<anonymous> (\u001b[22m\u001b[0m\u001b[36msrc/tests/api-integration.test.js\u001b[39m\u001b[0m\u001b[2m:14:1)\u001b[22m\n","name":"C:\\Users\\Pc\\Desktop\\Ugurcan\\AlingME\\src\\tests\\api-integration.test.js","startTime":1754669852798,"status":"failed","summary":""},{"assertionResults":[],"coverage":{},"endTime":1754669852798,"message":"  \u001b[1m● \u001b[22mTest suite failed to run\n\n    Cannot find module '../src/middleware/validation-index.js' from 'src/middleware/validation-middleware.test.js'\n\n    \u001b[0m \u001b[90m  6 |\u001b[39m \u001b[36mimport\u001b[39m express \u001b[36mfrom\u001b[39m \u001b[32m'express'\u001b[39m\u001b[33m;\u001b[39m\n     \u001b[90m  7 |\u001b[39m \u001b[36mimport\u001b[39m request \u001b[36mfrom\u001b[39m \u001b[32m'supertest'\u001b[39m\u001b[33m;\u001b[39m\n    \u001b[31m\u001b[1m>\u001b[22m\u001b[39m\u001b[90m  8 |\u001b[39m \u001b[36mimport\u001b[39m { \n     \u001b[90m    |\u001b[39m \u001b[31m\u001b[1m^\u001b[22m\u001b[39m\n     \u001b[90m  9 |\u001b[39m   validationPipelines\u001b[33m,\u001b[39m\n     \u001b[90m 10 |\u001b[39m   validationStatsCollector\u001b[33m,\u001b[39m\n     \u001b[90m 11 |\u001b[39m   createInputSanitizer\u001b[33m,\u001b[39m\u001b[0m\n\n      \u001b[2mat Resolver._throwModNotFoundError (\u001b[22mnode_modules/jest-resolve/build/resolver.js\u001b[2m:427:11)\u001b[22m\n      \u001b[2mat Object.<anonymous> (\u001b[22m\u001b[0m\u001b[36msrc/middleware/validation-middleware.test.js\u001b[39m\u001b[0m\u001b[2m:8:1)\u001b[22m\n","name":"C:\\Users\\Pc\\Desktop\\Ugurcan\\AlingME\\src\\middleware\\validation-middleware.test.js","startTime":1754669852798,"status":"failed","summary":""}],"wasInterrupted":false}
